{"C:\\Users\\jason\\Sync - PC Only\\1 - Projects\\Obsidian Footnote Shortcut Plugin\\Obsidian-Plugin-Sandbox\\.obsidian\\plugins\\obsidian-footnotes\\src\\insert-or-navigate-footnotes.ts": {"path":"C:\\Users\\jason\\Sync - PC Only\\1 - Projects\\Obsidian Footnote Shortcut Plugin\\Obsidian-Plugin-Sandbox\\.obsidian\\plugins\\obsidian-footnotes\\src\\insert-or-navigate-footnotes.ts","statementMap":{"0":{"start":{"line":29,"column":29},"end":{"line":29,"column":null}},"1":{"start":{"line":31,"column":30},"end":{"line":31,"column":null}},"2":{"start":{"line":33,"column":39},"end":{"line":33,"column":null}},"3":{"start":{"line":47,"column":40},"end":{"line":47,"column":null}},"4":{"start":{"line":48,"column":4},"end":{"line":60,"column":null}},"5":{"start":{"line":49,"column":22},"end":{"line":49,"column":null}},"6":{"start":{"line":50,"column":8},"end":{"line":50,"column":null}},"7":{"start":{"line":50,"column":58},"end":{"line":50,"column":null}},"8":{"start":{"line":53,"column":8},"end":{"line":53,"column":null}},"9":{"start":{"line":53,"column":36},"end":{"line":53,"column":null}},"10":{"start":{"line":58,"column":8},"end":{"line":58,"column":null}},"11":{"start":{"line":58,"column":68},"end":{"line":58,"column":null}},"12":{"start":{"line":59,"column":8},"end":{"line":59,"column":null}},"13":{"start":{"line":61,"column":4},"end":{"line":61,"column":null}},"14":{"start":{"line":66,"column":22},"end":{"line":66,"column":null}},"15":{"start":{"line":67,"column":4},"end":{"line":67,"column":null}},"16":{"start":{"line":67,"column":17},"end":{"line":67,"column":28}},"17":{"start":{"line":67,"column":61},"end":{"line":67,"column":null}},"18":{"start":{"line":68,"column":4},"end":{"line":68,"column":null}},"19":{"start":{"line":73,"column":18},"end":{"line":73,"column":null}},"20":{"start":{"line":74,"column":4},"end":{"line":74,"column":null}},"21":{"start":{"line":74,"column":30},"end":{"line":74,"column":58}},"22":{"start":{"line":85,"column":4},"end":{"line":85,"column":null}},"23":{"start":{"line":93,"column":4},"end":{"line":93,"column":null}},"24":{"start":{"line":100,"column":28},"end":{"line":100,"column":null}},"25":{"start":{"line":101,"column":4},"end":{"line":103,"column":null}},"26":{"start":{"line":101,"column":17},"end":{"line":101,"column":20}},"27":{"start":{"line":102,"column":8},"end":{"line":102,"column":null}},"28":{"start":{"line":104,"column":4},"end":{"line":104,"column":null}},"29":{"start":{"line":127,"column":18},"end":{"line":127,"column":null}},"30":{"start":{"line":128,"column":17},"end":{"line":128,"column":null}},"31":{"start":{"line":129,"column":44},"end":{"line":131,"column":null}},"32":{"start":{"line":132,"column":32},"end":{"line":132,"column":null}},"33":{"start":{"line":133,"column":10},"end":{"line":149,"column":null}},"34":{"start":{"line":134,"column":8},"end":{"line":134,"column":null}},"35":{"start":{"line":134,"column":40},"end":{"line":134,"column":null}},"36":{"start":{"line":135,"column":21},"end":{"line":135,"column":null}},"37":{"start":{"line":136,"column":8},"end":{"line":136,"column":null}},"38":{"start":{"line":136,"column":18},"end":{"line":136,"column":null}},"39":{"start":{"line":137,"column":21},"end":{"line":137,"column":null}},"40":{"start":{"line":138,"column":8},"end":{"line":147,"column":null}},"41":{"start":{"line":139,"column":12},"end":{"line":145,"column":null}},"42":{"start":{"line":146,"column":12},"end":{"line":146,"column":null}},"43":{"start":{"line":148,"column":8},"end":{"line":148,"column":null}},"44":{"start":{"line":150,"column":10},"end":{"line":151,"column":null}},"45":{"start":{"line":151,"column":8},"end":{"line":151,"column":null}},"46":{"start":{"line":152,"column":4},"end":{"line":152,"column":null}},"47":{"start":{"line":160,"column":38},"end":{"line":160,"column":null}},"48":{"start":{"line":164,"column":18},"end":{"line":164,"column":null}},"49":{"start":{"line":165,"column":19},"end":{"line":165,"column":null}},"50":{"start":{"line":166,"column":4},"end":{"line":174,"column":null}},"51":{"start":{"line":166,"column":17},"end":{"line":166,"column":20}},"52":{"start":{"line":167,"column":22},"end":{"line":167,"column":null}},"53":{"start":{"line":168,"column":8},"end":{"line":173,"column":null}},"54":{"start":{"line":172,"column":12},"end":{"line":172,"column":null}},"55":{"start":{"line":175,"column":4},"end":{"line":175,"column":null}},"56":{"start":{"line":182,"column":84},"end":{"line":182,"column":null}},"57":{"start":{"line":186,"column":18},"end":{"line":186,"column":null}},"58":{"start":{"line":187,"column":19},"end":{"line":187,"column":null}},"59":{"start":{"line":188,"column":4},"end":{"line":199,"column":null}},"60":{"start":{"line":188,"column":17},"end":{"line":188,"column":20}},"61":{"start":{"line":189,"column":8},"end":{"line":198,"column":null}},"62":{"start":{"line":190,"column":26},"end":{"line":190,"column":null}},"63":{"start":{"line":191,"column":12},"end":{"line":197,"column":null}},"64":{"start":{"line":200,"column":4},"end":{"line":200,"column":null}},"65":{"start":{"line":216,"column":20},"end":{"line":216,"column":null}},"66":{"start":{"line":217,"column":4},"end":{"line":219,"column":null}},"67":{"start":{"line":218,"column":8},"end":{"line":218,"column":null}},"68":{"start":{"line":221,"column":4},"end":{"line":230,"column":null}},"69":{"start":{"line":227,"column":8},"end":{"line":227,"column":null}},"70":{"start":{"line":229,"column":8},"end":{"line":229,"column":null}},"71":{"start":{"line":235,"column":4},"end":{"line":237,"column":null}},"72":{"start":{"line":236,"column":8},"end":{"line":236,"column":null}},"73":{"start":{"line":241,"column":4},"end":{"line":247,"column":null}},"74":{"start":{"line":242,"column":8},"end":{"line":246,"column":null}},"75":{"start":{"line":267,"column":4},"end":{"line":267,"column":null}},"76":{"start":{"line":267,"column":74},"end":{"line":267,"column":null}},"77":{"start":{"line":274,"column":4},"end":{"line":274,"column":null}},"78":{"start":{"line":275,"column":18},"end":{"line":275,"column":null}},"79":{"start":{"line":277,"column":18},"end":{"line":281,"column":null}},"80":{"start":{"line":279,"column":12},"end":{"line":280,"column":null}},"81":{"start":{"line":282,"column":40},"end":{"line":282,"column":null}},"82":{"start":{"line":283,"column":4},"end":{"line":293,"column":null}},"83":{"start":{"line":284,"column":8},"end":{"line":284,"column":null}},"84":{"start":{"line":289,"column":22},"end":{"line":289,"column":null}},"85":{"start":{"line":290,"column":8},"end":{"line":292,"column":null}},"86":{"start":{"line":291,"column":12},"end":{"line":291,"column":null}},"87":{"start":{"line":294,"column":4},"end":{"line":336,"column":null}},"88":{"start":{"line":297,"column":21},"end":{"line":297,"column":null}},"89":{"start":{"line":298,"column":23},"end":{"line":298,"column":null}},"90":{"start":{"line":306,"column":8},"end":{"line":325,"column":null}},"91":{"start":{"line":306,"column":21},"end":{"line":306,"column":24}},"92":{"start":{"line":307,"column":30},"end":{"line":307,"column":null}},"93":{"start":{"line":308,"column":12},"end":{"line":324,"column":null}},"94":{"start":{"line":309,"column":33},"end":{"line":309,"column":null}},"95":{"start":{"line":310,"column":16},"end":{"line":312,"column":null}},"96":{"start":{"line":311,"column":20},"end":{"line":311,"column":null}},"97":{"start":{"line":316,"column":32},"end":{"line":319,"column":null}},"98":{"start":{"line":320,"column":16},"end":{"line":320,"column":null}},"99":{"start":{"line":320,"column":52},"end":{"line":320,"column":null}},"100":{"start":{"line":321,"column":37},"end":{"line":321,"column":null}},"101":{"start":{"line":322,"column":16},"end":{"line":322,"column":null}},"102":{"start":{"line":323,"column":16},"end":{"line":323,"column":null}},"103":{"start":{"line":331,"column":8},"end":{"line":334,"column":null}},"104":{"start":{"line":335,"column":8},"end":{"line":335,"column":null}},"105":{"start":{"line":337,"column":4},"end":{"line":337,"column":null}},"106":{"start":{"line":351,"column":18},"end":{"line":351,"column":null}},"107":{"start":{"line":352,"column":19},"end":{"line":352,"column":null}},"108":{"start":{"line":353,"column":4},"end":{"line":380,"column":null}},"109":{"start":{"line":353,"column":17},"end":{"line":353,"column":20}},"110":{"start":{"line":354,"column":22},"end":{"line":354,"column":null}},"111":{"start":{"line":359,"column":8},"end":{"line":379,"column":null}},"112":{"start":{"line":368,"column":26},"end":{"line":368,"column":null}},"113":{"start":{"line":369,"column":12},"end":{"line":375,"column":null}},"114":{"start":{"line":374,"column":16},"end":{"line":374,"column":null}},"115":{"start":{"line":376,"column":33},"end":{"line":376,"column":null}},"116":{"start":{"line":377,"column":12},"end":{"line":377,"column":null}},"117":{"start":{"line":378,"column":12},"end":{"line":378,"column":null}},"118":{"start":{"line":381,"column":4},"end":{"line":381,"column":null}},"119":{"start":{"line":394,"column":4},"end":{"line":398,"column":null}},"120":{"start":{"line":395,"column":8},"end":{"line":397,"column":null}},"121":{"start":{"line":396,"column":12},"end":{"line":396,"column":null}},"122":{"start":{"line":399,"column":4},"end":{"line":399,"column":null}},"123":{"start":{"line":417,"column":26},"end":{"line":420,"column":null}},"124":{"start":{"line":417,"column":77},"end":{"line":420,"column":6}},"125":{"start":{"line":421,"column":4},"end":{"line":421,"column":null}},"126":{"start":{"line":421,"column":70},"end":{"line":421,"column":null}},"127":{"start":{"line":430,"column":4},"end":{"line":430,"column":null}},"128":{"start":{"line":431,"column":23},"end":{"line":431,"column":null}},"129":{"start":{"line":432,"column":29},"end":{"line":438,"column":null}},"130":{"start":{"line":433,"column":22},"end":{"line":433,"column":null}},"131":{"start":{"line":434,"column":8},"end":{"line":437,"column":null}},"132":{"start":{"line":439,"column":28},"end":{"line":439,"column":null}},"133":{"start":{"line":441,"column":4},"end":{"line":463,"column":null}},"134":{"start":{"line":445,"column":33},"end":{"line":445,"column":null}},"135":{"start":{"line":449,"column":12},"end":{"line":451,"column":null}},"136":{"start":{"line":450,"column":16},"end":{"line":450,"column":null}},"137":{"start":{"line":453,"column":12},"end":{"line":460,"column":null}},"138":{"start":{"line":456,"column":16},"end":{"line":458,"column":null}},"139":{"start":{"line":457,"column":20},"end":{"line":457,"column":null}},"140":{"start":{"line":459,"column":16},"end":{"line":459,"column":null}},"141":{"start":{"line":461,"column":12},"end":{"line":461,"column":null}},"142":{"start":{"line":464,"column":4},"end":{"line":464,"column":null}},"143":{"start":{"line":477,"column":4},"end":{"line":487,"column":null}},"144":{"start":{"line":486,"column":8},"end":{"line":486,"column":null}},"145":{"start":{"line":488,"column":4},"end":{"line":488,"column":null}},"146":{"start":{"line":506,"column":18},"end":{"line":506,"column":null}},"147":{"start":{"line":507,"column":24},"end":{"line":507,"column":null}},"148":{"start":{"line":508,"column":19},"end":{"line":508,"column":null}},"149":{"start":{"line":513,"column":10},"end":{"line":514,"column":null}},"150":{"start":{"line":514,"column":8},"end":{"line":514,"column":null}},"151":{"start":{"line":515,"column":4},"end":{"line":527,"column":null}},"152":{"start":{"line":516,"column":25},"end":{"line":516,"column":null}},"153":{"start":{"line":517,"column":19},"end":{"line":517,"column":null}},"154":{"start":{"line":518,"column":23},"end":{"line":518,"column":null}},"155":{"start":{"line":519,"column":8},"end":{"line":519,"column":null}},"156":{"start":{"line":519,"column":38},"end":{"line":519,"column":null}},"157":{"start":{"line":520,"column":8},"end":{"line":526,"column":null}},"158":{"start":{"line":533,"column":4},"end":{"line":566,"column":null}},"159":{"start":{"line":537,"column":29},"end":{"line":537,"column":null}},"160":{"start":{"line":538,"column":8},"end":{"line":565,"column":null}},"161":{"start":{"line":538,"column":21},"end":{"line":538,"column":24}},"162":{"start":{"line":539,"column":28},"end":{"line":542,"column":null}},"163":{"start":{"line":541,"column":20},"end":{"line":541,"column":null}},"164":{"start":{"line":543,"column":12},"end":{"line":543,"column":null}},"165":{"start":{"line":543,"column":26},"end":{"line":543,"column":null}},"166":{"start":{"line":544,"column":27},"end":{"line":544,"column":null}},"167":{"start":{"line":545,"column":27},"end":{"line":545,"column":null}},"168":{"start":{"line":548,"column":12},"end":{"line":551,"column":null}},"169":{"start":{"line":549,"column":16},"end":{"line":549,"column":null}},"170":{"start":{"line":550,"column":16},"end":{"line":550,"column":null}},"171":{"start":{"line":552,"column":35},"end":{"line":552,"column":null}},"172":{"start":{"line":553,"column":27},"end":{"line":556,"column":null}},"173":{"start":{"line":557,"column":12},"end":{"line":557,"column":null}},"174":{"start":{"line":557,"column":42},"end":{"line":557,"column":null}},"175":{"start":{"line":558,"column":12},"end":{"line":564,"column":null}},"176":{"start":{"line":568,"column":19},"end":{"line":568,"column":null}},"177":{"start":{"line":570,"column":4},"end":{"line":575,"column":null}},"178":{"start":{"line":571,"column":8},"end":{"line":573,"column":null}},"179":{"start":{"line":572,"column":12},"end":{"line":572,"column":null}},"180":{"start":{"line":574,"column":8},"end":{"line":574,"column":null}},"181":{"start":{"line":576,"column":17},"end":{"line":576,"column":null}},"182":{"start":{"line":578,"column":15},"end":{"line":578,"column":null}},"183":{"start":{"line":579,"column":4},"end":{"line":587,"column":null}},"184":{"start":{"line":580,"column":22},"end":{"line":580,"column":null}},"185":{"start":{"line":583,"column":8},"end":{"line":585,"column":null}},"186":{"start":{"line":584,"column":12},"end":{"line":584,"column":null}},"187":{"start":{"line":586,"column":8},"end":{"line":586,"column":null}},"188":{"start":{"line":590,"column":23},"end":{"line":590,"column":null}},"189":{"start":{"line":591,"column":19},"end":{"line":594,"column":null}},"190":{"start":{"line":605,"column":4},"end":{"line":611,"column":null}},"191":{"start":{"line":606,"column":26},"end":{"line":606,"column":null}},"192":{"start":{"line":607,"column":8},"end":{"line":610,"column":null}},"193":{"start":{"line":608,"column":12},"end":{"line":608,"column":null}},"194":{"start":{"line":609,"column":12},"end":{"line":609,"column":null}},"195":{"start":{"line":612,"column":4},"end":{"line":612,"column":null}},"196":{"start":{"line":617,"column":4},"end":{"line":617,"column":null}},"197":{"start":{"line":633,"column":10},"end":{"line":634,"column":null}},"198":{"start":{"line":634,"column":8},"end":{"line":634,"column":null}},"199":{"start":{"line":638,"column":10},"end":{"line":648,"column":null}},"200":{"start":{"line":639,"column":8},"end":{"line":639,"column":null}},"201":{"start":{"line":639,"column":20},"end":{"line":639,"column":null}},"202":{"start":{"line":640,"column":21},"end":{"line":640,"column":null}},"203":{"start":{"line":641,"column":8},"end":{"line":643,"column":null}},"204":{"start":{"line":642,"column":12},"end":{"line":642,"column":null}},"205":{"start":{"line":644,"column":8},"end":{"line":646,"column":null}},"206":{"start":{"line":645,"column":12},"end":{"line":645,"column":null}},"207":{"start":{"line":647,"column":8},"end":{"line":647,"column":null}},"208":{"start":{"line":649,"column":4},"end":{"line":651,"column":null}},"209":{"start":{"line":650,"column":8},"end":{"line":650,"column":null}},"210":{"start":{"line":652,"column":14},"end":{"line":652,"column":null}},"211":{"start":{"line":656,"column":22},"end":{"line":656,"column":null}},"212":{"start":{"line":657,"column":4},"end":{"line":657,"column":null}},"213":{"start":{"line":657,"column":52},"end":{"line":657,"column":null}},"214":{"start":{"line":658,"column":4},"end":{"line":662,"column":null}},"215":{"start":{"line":659,"column":19},"end":{"line":659,"column":null}},"216":{"start":{"line":660,"column":8},"end":{"line":660,"column":null}},"217":{"start":{"line":660,"column":27},"end":{"line":660,"column":null}},"218":{"start":{"line":661,"column":8},"end":{"line":661,"column":null}},"219":{"start":{"line":663,"column":4},"end":{"line":663,"column":null}},"220":{"start":{"line":663,"column":42},"end":{"line":663,"column":null}},"221":{"start":{"line":664,"column":4},"end":{"line":664,"column":null}},"222":{"start":{"line":674,"column":4},"end":{"line":674,"column":null}},"223":{"start":{"line":674,"column":44},"end":{"line":674,"column":null}},"224":{"start":{"line":675,"column":33},"end":{"line":675,"column":null}},"225":{"start":{"line":676,"column":4},"end":{"line":676,"column":null}},"226":{"start":{"line":676,"column":31},"end":{"line":676,"column":null}},"227":{"start":{"line":679,"column":21},"end":{"line":679,"column":null}},"228":{"start":{"line":680,"column":4},"end":{"line":680,"column":null}},"229":{"start":{"line":680,"column":41},"end":{"line":680,"column":null}},"230":{"start":{"line":681,"column":4},"end":{"line":681,"column":null}},"231":{"start":{"line":682,"column":4},"end":{"line":682,"column":null}},"232":{"start":{"line":698,"column":27},"end":{"line":698,"column":null}},"233":{"start":{"line":699,"column":16},"end":{"line":699,"column":null}},"234":{"start":{"line":700,"column":4},"end":{"line":703,"column":null}},"235":{"start":{"line":701,"column":8},"end":{"line":701,"column":null}},"236":{"start":{"line":702,"column":8},"end":{"line":702,"column":null}},"237":{"start":{"line":704,"column":4},"end":{"line":704,"column":null}},"238":{"start":{"line":710,"column":16},"end":{"line":710,"column":null}},"239":{"start":{"line":711,"column":14},"end":{"line":711,"column":null}},"240":{"start":{"line":712,"column":10},"end":{"line":716,"column":null}},"241":{"start":{"line":713,"column":8},"end":{"line":713,"column":null}},"242":{"start":{"line":713,"column":17},"end":{"line":713,"column":null}},"243":{"start":{"line":714,"column":8},"end":{"line":714,"column":null}},"244":{"start":{"line":715,"column":8},"end":{"line":715,"column":null}},"245":{"start":{"line":717,"column":4},"end":{"line":717,"column":null}},"246":{"start":{"line":718,"column":4},"end":{"line":718,"column":null}},"247":{"start":{"line":731,"column":21},"end":{"line":731,"column":null}},"248":{"start":{"line":732,"column":17},"end":{"line":732,"column":null}},"249":{"start":{"line":733,"column":15},"end":{"line":735,"column":null}},"250":{"start":{"line":736,"column":4},"end":{"line":739,"column":null}},"251":{"start":{"line":748,"column":4},"end":{"line":748,"column":null}},"252":{"start":{"line":748,"column":49},"end":{"line":748,"column":null}},"253":{"start":{"line":750,"column":8},"end":{"line":750,"column":null}},"254":{"start":{"line":751,"column":4},"end":{"line":753,"column":null}},"255":{"start":{"line":752,"column":8},"end":{"line":752,"column":null}},"256":{"start":{"line":767,"column":18},"end":{"line":769,"column":null}},"257":{"start":{"line":769,"column":24},"end":{"line":769,"column":71}},"258":{"start":{"line":770,"column":4},"end":{"line":770,"column":null}},"259":{"start":{"line":770,"column":28},"end":{"line":770,"column":null}},"260":{"start":{"line":771,"column":4},"end":{"line":794,"column":null}},"261":{"start":{"line":771,"column":17},"end":{"line":771,"column":20}},"262":{"start":{"line":772,"column":8},"end":{"line":772,"column":null}},"263":{"start":{"line":772,"column":48},"end":{"line":772,"column":null}},"264":{"start":{"line":776,"column":22},"end":{"line":776,"column":null}},"265":{"start":{"line":777,"column":8},"end":{"line":793,"column":null}},"266":{"start":{"line":780,"column":29},"end":{"line":780,"column":null}},"267":{"start":{"line":781,"column":16},"end":{"line":781,"column":null}},"268":{"start":{"line":783,"column":12},"end":{"line":783,"column":null}},"269":{"start":{"line":783,"column":39},"end":{"line":783,"column":null}},"270":{"start":{"line":786,"column":27},"end":{"line":786,"column":null}},"271":{"start":{"line":787,"column":12},"end":{"line":787,"column":null}},"272":{"start":{"line":787,"column":24},"end":{"line":787,"column":null}},"273":{"start":{"line":790,"column":30},"end":{"line":790,"column":null}},"274":{"start":{"line":791,"column":12},"end":{"line":791,"column":null}},"275":{"start":{"line":791,"column":34},"end":{"line":791,"column":null}},"276":{"start":{"line":792,"column":12},"end":{"line":792,"column":null}},"277":{"start":{"line":795,"column":4},"end":{"line":795,"column":null}},"278":{"start":{"line":806,"column":10},"end":{"line":807,"column":null}},"279":{"start":{"line":807,"column":8},"end":{"line":807,"column":null}},"280":{"start":{"line":808,"column":4},"end":{"line":808,"column":null}},"281":{"start":{"line":808,"column":43},"end":{"line":808,"column":null}},"282":{"start":{"line":809,"column":18},"end":{"line":809,"column":null}},"283":{"start":{"line":810,"column":4},"end":{"line":814,"column":null}},"284":{"start":{"line":810,"column":17},"end":{"line":810,"column":20}},"285":{"start":{"line":811,"column":21},"end":{"line":811,"column":null}},"286":{"start":{"line":812,"column":8},"end":{"line":812,"column":null}},"287":{"start":{"line":813,"column":8},"end":{"line":813,"column":null}},"288":{"start":{"line":813,"column":44},"end":{"line":813,"column":null}},"289":{"start":{"line":815,"column":4},"end":{"line":815,"column":null}},"290":{"start":{"line":828,"column":4},"end":{"line":828,"column":null}},"291":{"start":{"line":828,"column":17},"end":{"line":828,"column":null}},"292":{"start":{"line":829,"column":4},"end":{"line":831,"column":null}},"293":{"start":{"line":830,"column":8},"end":{"line":830,"column":null}},"294":{"start":{"line":832,"column":4},"end":{"line":834,"column":null}},"295":{"start":{"line":833,"column":8},"end":{"line":833,"column":null}},"296":{"start":{"line":835,"column":4},"end":{"line":835,"column":null}},"297":{"start":{"line":845,"column":4},"end":{"line":845,"column":null}},"298":{"start":{"line":845,"column":47},"end":{"line":845,"column":null}},"299":{"start":{"line":846,"column":19},"end":{"line":846,"column":null}},"300":{"start":{"line":847,"column":4},"end":{"line":847,"column":null}},"301":{"start":{"line":847,"column":17},"end":{"line":847,"column":null}},"302":{"start":{"line":848,"column":20},"end":{"line":848,"column":null}},"303":{"start":{"line":849,"column":4},"end":{"line":855,"column":null}},"304":{"start":{"line":850,"column":8},"end":{"line":853,"column":null}},"305":{"start":{"line":854,"column":8},"end":{"line":854,"column":null}},"306":{"start":{"line":856,"column":4},"end":{"line":856,"column":null}},"307":{"start":{"line":872,"column":20},"end":{"line":872,"column":null}},"308":{"start":{"line":876,"column":31},"end":{"line":878,"column":null}},"309":{"start":{"line":879,"column":21},"end":{"line":879,"column":null}},"310":{"start":{"line":880,"column":4},"end":{"line":899,"column":null}},"311":{"start":{"line":881,"column":22},"end":{"line":881,"column":null}},"312":{"start":{"line":885,"column":8},"end":{"line":885,"column":null}},"313":{"start":{"line":885,"column":38},"end":{"line":885,"column":null}},"314":{"start":{"line":886,"column":8},"end":{"line":888,"column":null}},"315":{"start":{"line":887,"column":12},"end":{"line":887,"column":null}},"316":{"start":{"line":889,"column":22},"end":{"line":889,"column":null}},"317":{"start":{"line":895,"column":8},"end":{"line":897,"column":null}},"318":{"start":{"line":896,"column":12},"end":{"line":896,"column":null}},"319":{"start":{"line":898,"column":8},"end":{"line":898,"column":null}},"320":{"start":{"line":900,"column":4},"end":{"line":900,"column":null}},"321":{"start":{"line":910,"column":4},"end":{"line":910,"column":null}},"322":{"start":{"line":912,"column":4},"end":{"line":912,"column":null}},"323":{"start":{"line":912,"column":36},"end":{"line":912,"column":null}},"324":{"start":{"line":914,"column":19},"end":{"line":914,"column":null}},"325":{"start":{"line":916,"column":16},"end":{"line":916,"column":null}},"326":{"start":{"line":917,"column":4},"end":{"line":917,"column":null}},"327":{"start":{"line":917,"column":25},"end":{"line":917,"column":null}},"328":{"start":{"line":923,"column":4},"end":{"line":923,"column":null}},"329":{"start":{"line":923,"column":35},"end":{"line":923,"column":null}},"330":{"start":{"line":928,"column":17},"end":{"line":928,"column":null}},"331":{"start":{"line":931,"column":4},"end":{"line":931,"column":null}},"332":{"start":{"line":931,"column":52},"end":{"line":931,"column":null}},"333":{"start":{"line":932,"column":4},"end":{"line":932,"column":null}},"334":{"start":{"line":932,"column":47},"end":{"line":932,"column":null}},"335":{"start":{"line":934,"column":4},"end":{"line":934,"column":null}},"336":{"start":{"line":934,"column":47},"end":{"line":934,"column":null}},"337":{"start":{"line":936,"column":4},"end":{"line":936,"column":null}},"338":{"start":{"line":936,"column":59},"end":{"line":936,"column":null}},"339":{"start":{"line":937,"column":10},"end":{"line":956,"column":null}},"340":{"start":{"line":938,"column":25},"end":{"line":938,"column":null}},"341":{"start":{"line":941,"column":20},"end":{"line":941,"column":null}},"342":{"start":{"line":943,"column":8},"end":{"line":944,"column":null}},"343":{"start":{"line":944,"column":12},"end":{"line":944,"column":null}},"344":{"start":{"line":945,"column":8},"end":{"line":946,"column":null}},"345":{"start":{"line":946,"column":12},"end":{"line":946,"column":null}},"346":{"start":{"line":952,"column":8},"end":{"line":953,"column":null}},"347":{"start":{"line":953,"column":12},"end":{"line":953,"column":null}},"348":{"start":{"line":955,"column":8},"end":{"line":955,"column":null}},"349":{"start":{"line":957,"column":4},"end":{"line":958,"column":null}},"350":{"start":{"line":957,"column":14},"end":{"line":957,"column":null}},"351":{"start":{"line":958,"column":9},"end":{"line":958,"column":null}},"352":{"start":{"line":975,"column":25},"end":{"line":975,"column":null}},"353":{"start":{"line":976,"column":19},"end":{"line":976,"column":null}},"354":{"start":{"line":979,"column":4},"end":{"line":979,"column":null}},"355":{"start":{"line":979,"column":25},"end":{"line":979,"column":null}},"356":{"start":{"line":980,"column":23},"end":{"line":984,"column":null}},"357":{"start":{"line":986,"column":23},"end":{"line":986,"column":null}},"358":{"start":{"line":987,"column":30},"end":{"line":987,"column":null}},"359":{"start":{"line":990,"column":8},"end":{"line":990,"column":null}},"360":{"start":{"line":992,"column":4},"end":{"line":1013,"column":null}},"361":{"start":{"line":996,"column":8},"end":{"line":996,"column":null}},"362":{"start":{"line":997,"column":27},"end":{"line":997,"column":null}},"363":{"start":{"line":1001,"column":34},"end":{"line":1003,"column":null}},"364":{"start":{"line":1004,"column":8},"end":{"line":1011,"column":null}},"365":{"start":{"line":1005,"column":12},"end":{"line":1005,"column":null}},"366":{"start":{"line":1006,"column":12},"end":{"line":1008,"column":null}},"367":{"start":{"line":1007,"column":16},"end":{"line":1007,"column":null}},"368":{"start":{"line":1010,"column":12},"end":{"line":1010,"column":null}},"369":{"start":{"line":1012,"column":8},"end":{"line":1012,"column":null}},"370":{"start":{"line":1015,"column":4},"end":{"line":1015,"column":null}},"371":{"start":{"line":1016,"column":23},"end":{"line":1016,"column":null}},"372":{"start":{"line":1017,"column":36},"end":{"line":1020,"column":null}},"373":{"start":{"line":1023,"column":4},"end":{"line":1023,"column":null}},"374":{"start":{"line":1023,"column":28},"end":{"line":1023,"column":null}},"375":{"start":{"line":1024,"column":22},"end":{"line":1024,"column":null}},"376":{"start":{"line":1026,"column":4},"end":{"line":1045,"column":null}},"377":{"start":{"line":1029,"column":31},"end":{"line":1029,"column":null}},"378":{"start":{"line":1030,"column":8},"end":{"line":1030,"column":null}},"379":{"start":{"line":1031,"column":35},"end":{"line":1031,"column":null}},"380":{"start":{"line":1032,"column":8},"end":{"line":1041,"column":null}},"381":{"start":{"line":1033,"column":12},"end":{"line":1033,"column":null}},"382":{"start":{"line":1038,"column":12},"end":{"line":1038,"column":null}},"383":{"start":{"line":1038,"column":37},"end":{"line":1038,"column":null}},"384":{"start":{"line":1039,"column":12},"end":{"line":1039,"column":null}},"385":{"start":{"line":1040,"column":12},"end":{"line":1040,"column":null}},"386":{"start":{"line":1043,"column":8},"end":{"line":1043,"column":null}},"387":{"start":{"line":1044,"column":8},"end":{"line":1044,"column":null}},"388":{"start":{"line":1063,"column":15},"end":{"line":1063,"column":null}},"389":{"start":{"line":1064,"column":16},"end":{"line":1064,"column":null}},"390":{"start":{"line":1065,"column":4},"end":{"line":1075,"column":null}},"391":{"start":{"line":1065,"column":17},"end":{"line":1065,"column":20}},"392":{"start":{"line":1066,"column":18},"end":{"line":1066,"column":null}},"393":{"start":{"line":1067,"column":8},"end":{"line":1074,"column":null}},"394":{"start":{"line":1068,"column":12},"end":{"line":1068,"column":null}},"395":{"start":{"line":1069,"column":15},"end":{"line":1074,"column":null}},"396":{"start":{"line":1070,"column":12},"end":{"line":1070,"column":null}},"397":{"start":{"line":1071,"column":15},"end":{"line":1074,"column":null}},"398":{"start":{"line":1072,"column":12},"end":{"line":1072,"column":null}},"399":{"start":{"line":1073,"column":12},"end":{"line":1073,"column":null}},"400":{"start":{"line":1073,"column":27},"end":{"line":1073,"column":null}},"401":{"start":{"line":1076,"column":4},"end":{"line":1082,"column":null}},"402":{"start":{"line":1079,"column":8},"end":{"line":1081,"column":null}},"403":{"start":{"line":1080,"column":12},"end":{"line":1080,"column":null}},"404":{"start":{"line":1085,"column":21},"end":{"line":1085,"column":null}},"405":{"start":{"line":1086,"column":4},"end":{"line":1088,"column":null}},"406":{"start":{"line":1087,"column":8},"end":{"line":1087,"column":null}},"407":{"start":{"line":1089,"column":4},"end":{"line":1089,"column":null}},"408":{"start":{"line":1100,"column":19},"end":{"line":1100,"column":null}},"409":{"start":{"line":1101,"column":16},"end":{"line":1101,"column":null}},"410":{"start":{"line":1102,"column":4},"end":{"line":1102,"column":null}},"411":{"start":{"line":1102,"column":14},"end":{"line":1102,"column":null}},"412":{"start":{"line":1104,"column":17},"end":{"line":1104,"column":null}},"413":{"start":{"line":1105,"column":4},"end":{"line":1108,"column":null}},"414":{"start":{"line":1106,"column":8},"end":{"line":1106,"column":null}},"415":{"start":{"line":1107,"column":8},"end":{"line":1107,"column":null}},"416":{"start":{"line":1109,"column":4},"end":{"line":1116,"column":null}},"417":{"start":{"line":1110,"column":25},"end":{"line":1110,"column":null}},"418":{"start":{"line":1111,"column":19},"end":{"line":1111,"column":null}},"419":{"start":{"line":1112,"column":29},"end":{"line":1112,"column":null}},"420":{"start":{"line":1113,"column":8},"end":{"line":1115,"column":null}},"421":{"start":{"line":1129,"column":4},"end":{"line":1159,"column":null}},"422":{"start":{"line":1129,"column":17},"end":{"line":1129,"column":20}},"423":{"start":{"line":1130,"column":18},"end":{"line":1130,"column":null}},"424":{"start":{"line":1131,"column":8},"end":{"line":1134,"column":null}},"425":{"start":{"line":1132,"column":12},"end":{"line":1132,"column":null}},"426":{"start":{"line":1133,"column":12},"end":{"line":1133,"column":null}},"427":{"start":{"line":1135,"column":8},"end":{"line":1135,"column":null}},"428":{"start":{"line":1135,"column":50},"end":{"line":1135,"column":null}},"429":{"start":{"line":1137,"column":20},"end":{"line":1137,"column":null}},"430":{"start":{"line":1138,"column":20},"end":{"line":1138,"column":null}},"431":{"start":{"line":1139,"column":8},"end":{"line":1152,"column":null}},"432":{"start":{"line":1139,"column":21},"end":{"line":1139,"column":28}},"433":{"start":{"line":1140,"column":23},"end":{"line":1140,"column":null}},"434":{"start":{"line":1141,"column":12},"end":{"line":1151,"column":null}},"435":{"start":{"line":1142,"column":16},"end":{"line":1142,"column":null}},"436":{"start":{"line":1143,"column":19},"end":{"line":1151,"column":null}},"437":{"start":{"line":1144,"column":16},"end":{"line":1144,"column":null}},"438":{"start":{"line":1145,"column":19},"end":{"line":1151,"column":null}},"439":{"start":{"line":1146,"column":16},"end":{"line":1146,"column":null}},"440":{"start":{"line":1147,"column":16},"end":{"line":1150,"column":null}},"441":{"start":{"line":1148,"column":20},"end":{"line":1148,"column":null}},"442":{"start":{"line":1149,"column":20},"end":{"line":1149,"column":null}},"443":{"start":{"line":1156,"column":8},"end":{"line":1156,"column":null}},"444":{"start":{"line":1156,"column":26},"end":{"line":1156,"column":null}},"445":{"start":{"line":1157,"column":8},"end":{"line":1157,"column":null}},"446":{"start":{"line":1157,"column":35},"end":{"line":1157,"column":null}},"447":{"start":{"line":1158,"column":8},"end":{"line":1158,"column":null}},"448":{"start":{"line":1160,"column":4},"end":{"line":1160,"column":null}},"449":{"start":{"line":1165,"column":17},"end":{"line":1165,"column":null}},"450":{"start":{"line":1166,"column":4},"end":{"line":1166,"column":null}},"451":{"start":{"line":1182,"column":10},"end":{"line":1183,"column":null}},"452":{"start":{"line":1184,"column":21},"end":{"line":1184,"column":null}},"453":{"start":{"line":1188,"column":26},"end":{"line":1191,"column":null}},"454":{"start":{"line":1188,"column":77},"end":{"line":1191,"column":6}},"455":{"start":{"line":1192,"column":4},"end":{"line":1192,"column":null}},"456":{"start":{"line":1192,"column":70},"end":{"line":1192,"column":null}},"457":{"start":{"line":1197,"column":16},"end":{"line":1197,"column":null}},"458":{"start":{"line":1198,"column":23},"end":{"line":1198,"column":null}},"459":{"start":{"line":1199,"column":29},"end":{"line":1202,"column":null}},"460":{"start":{"line":1199,"column":82},"end":{"line":1202,"column":6}},"461":{"start":{"line":1203,"column":4},"end":{"line":1203,"column":null}},"462":{"start":{"line":1203,"column":73},"end":{"line":1203,"column":null}},"463":{"start":{"line":1205,"column":4},"end":{"line":1206,"column":null}},"464":{"start":{"line":1206,"column":8},"end":{"line":1206,"column":null}},"465":{"start":{"line":1207,"column":4},"end":{"line":1208,"column":null}},"466":{"start":{"line":1208,"column":8},"end":{"line":1208,"column":null}},"467":{"start":{"line":1211,"column":4},"end":{"line":1211,"column":null}},"468":{"start":{"line":1224,"column":4},"end":{"line":1224,"column":null}},"469":{"start":{"line":1226,"column":4},"end":{"line":1226,"column":null}},"470":{"start":{"line":1226,"column":36},"end":{"line":1226,"column":null}},"471":{"start":{"line":1228,"column":19},"end":{"line":1228,"column":null}},"472":{"start":{"line":1229,"column":16},"end":{"line":1229,"column":null}},"473":{"start":{"line":1230,"column":4},"end":{"line":1230,"column":null}},"474":{"start":{"line":1230,"column":25},"end":{"line":1230,"column":null}},"475":{"start":{"line":1232,"column":4},"end":{"line":1232,"column":null}},"476":{"start":{"line":1232,"column":35},"end":{"line":1232,"column":null}},"477":{"start":{"line":1234,"column":17},"end":{"line":1234,"column":null}},"478":{"start":{"line":1236,"column":4},"end":{"line":1236,"column":null}},"479":{"start":{"line":1236,"column":52},"end":{"line":1236,"column":null}},"480":{"start":{"line":1237,"column":4},"end":{"line":1237,"column":null}},"481":{"start":{"line":1237,"column":47},"end":{"line":1237,"column":null}},"482":{"start":{"line":1239,"column":4},"end":{"line":1239,"column":null}},"483":{"start":{"line":1239,"column":47},"end":{"line":1239,"column":null}},"484":{"start":{"line":1242,"column":4},"end":{"line":1242,"column":null}},"485":{"start":{"line":1242,"column":59},"end":{"line":1242,"column":null}},"486":{"start":{"line":1243,"column":4},"end":{"line":1243,"column":null}},"487":{"start":{"line":1243,"column":54},"end":{"line":1243,"column":null}},"488":{"start":{"line":1245,"column":4},"end":{"line":1245,"column":null}},"489":{"start":{"line":1262,"column":17},"end":{"line":1264,"column":null}},"490":{"start":{"line":1265,"column":15},"end":{"line":1265,"column":null}},"491":{"start":{"line":1266,"column":17},"end":{"line":1266,"column":null}},"492":{"start":{"line":1267,"column":4},"end":{"line":1267,"column":null}},"493":{"start":{"line":1267,"column":23},"end":{"line":1267,"column":null}},"494":{"start":{"line":1268,"column":4},"end":{"line":1268,"column":null}},"495":{"start":{"line":1268,"column":61},"end":{"line":1268,"column":null}},"496":{"start":{"line":1269,"column":4},"end":{"line":1272,"column":null}},"497":{"start":{"line":1273,"column":4},"end":{"line":1273,"column":null}},"498":{"start":{"line":1287,"column":4},"end":{"line":1295,"column":null}},"499":{"start":{"line":1288,"column":21},"end":{"line":1291,"column":null}},"500":{"start":{"line":1292,"column":8},"end":{"line":1292,"column":null}},"501":{"start":{"line":1292,"column":27},"end":{"line":1292,"column":null}},"502":{"start":{"line":1293,"column":8},"end":{"line":1293,"column":null}},"503":{"start":{"line":1294,"column":8},"end":{"line":1294,"column":null}},"504":{"start":{"line":1296,"column":27},"end":{"line":1296,"column":null}},"505":{"start":{"line":1297,"column":17},"end":{"line":1300,"column":null}},"506":{"start":{"line":1301,"column":4},"end":{"line":1301,"column":null}},"507":{"start":{"line":1301,"column":23},"end":{"line":1301,"column":null}},"508":{"start":{"line":1302,"column":4},"end":{"line":1302,"column":null}},"509":{"start":{"line":1303,"column":4},"end":{"line":1303,"column":null}},"510":{"start":{"line":1309,"column":4},"end":{"line":1309,"column":null}},"511":{"start":{"line":1310,"column":4},"end":{"line":1310,"column":null}},"512":{"start":{"line":1310,"column":36},"end":{"line":1310,"column":null}},"513":{"start":{"line":1312,"column":19},"end":{"line":1312,"column":null}},"514":{"start":{"line":1313,"column":16},"end":{"line":1313,"column":null}},"515":{"start":{"line":1314,"column":4},"end":{"line":1314,"column":null}},"516":{"start":{"line":1314,"column":25},"end":{"line":1314,"column":null}},"517":{"start":{"line":1316,"column":4},"end":{"line":1316,"column":null}},"518":{"start":{"line":1316,"column":35},"end":{"line":1316,"column":null}},"519":{"start":{"line":1317,"column":22},"end":{"line":1317,"column":null}},"520":{"start":{"line":1322,"column":4},"end":{"line":1322,"column":null}},"521":{"start":{"line":1322,"column":57},"end":{"line":1322,"column":null}},"522":{"start":{"line":1323,"column":4},"end":{"line":1323,"column":null}},"523":{"start":{"line":1323,"column":52},"end":{"line":1323,"column":null}},"524":{"start":{"line":1325,"column":4},"end":{"line":1325,"column":null}},"525":{"start":{"line":1325,"column":52},"end":{"line":1325,"column":null}},"526":{"start":{"line":1326,"column":4},"end":{"line":1326,"column":null}},"527":{"start":{"line":1326,"column":64},"end":{"line":1326,"column":null}},"528":{"start":{"line":1327,"column":4},"end":{"line":1327,"column":null}},"529":{"start":{"line":1327,"column":59},"end":{"line":1327,"column":null}},"530":{"start":{"line":1332,"column":4},"end":{"line":1337,"column":null}},"531":{"start":{"line":1333,"column":8},"end":{"line":1333,"column":null}},"532":{"start":{"line":1335,"column":8},"end":{"line":1335,"column":null}},"533":{"start":{"line":1336,"column":8},"end":{"line":1336,"column":null}},"534":{"start":{"line":1338,"column":20},"end":{"line":1338,"column":null}},"535":{"start":{"line":1339,"column":4},"end":{"line":1342,"column":null}},"536":{"start":{"line":1340,"column":8},"end":{"line":1340,"column":null}},"537":{"start":{"line":1341,"column":8},"end":{"line":1341,"column":null}},"538":{"start":{"line":1343,"column":17},"end":{"line":1343,"column":null}},"539":{"start":{"line":1344,"column":4},"end":{"line":1344,"column":null}},"540":{"start":{"line":1352,"column":4},"end":{"line":1352,"column":null}},"541":{"start":{"line":1354,"column":4},"end":{"line":1354,"column":null}},"542":{"start":{"line":1354,"column":36},"end":{"line":1354,"column":null}},"543":{"start":{"line":1356,"column":19},"end":{"line":1356,"column":null}},"544":{"start":{"line":1357,"column":16},"end":{"line":1357,"column":null}},"545":{"start":{"line":1358,"column":4},"end":{"line":1358,"column":null}},"546":{"start":{"line":1358,"column":25},"end":{"line":1358,"column":null}},"547":{"start":{"line":1360,"column":4},"end":{"line":1360,"column":null}},"548":{"start":{"line":1360,"column":35},"end":{"line":1360,"column":null}},"549":{"start":{"line":1365,"column":17},"end":{"line":1365,"column":null}},"550":{"start":{"line":1368,"column":4},"end":{"line":1368,"column":null}},"551":{"start":{"line":1368,"column":52},"end":{"line":1368,"column":null}},"552":{"start":{"line":1369,"column":4},"end":{"line":1369,"column":null}},"553":{"start":{"line":1369,"column":47},"end":{"line":1369,"column":null}},"554":{"start":{"line":1372,"column":4},"end":{"line":1372,"column":null}},"555":{"start":{"line":1372,"column":47},"end":{"line":1372,"column":null}},"556":{"start":{"line":1375,"column":4},"end":{"line":1375,"column":null}},"557":{"start":{"line":1375,"column":59},"end":{"line":1375,"column":null}},"558":{"start":{"line":1376,"column":10},"end":{"line":1389,"column":null}},"559":{"start":{"line":1377,"column":25},"end":{"line":1377,"column":null}},"560":{"start":{"line":1379,"column":20},"end":{"line":1379,"column":null}},"561":{"start":{"line":1381,"column":8},"end":{"line":1382,"column":null}},"562":{"start":{"line":1382,"column":12},"end":{"line":1382,"column":null}},"563":{"start":{"line":1383,"column":8},"end":{"line":1384,"column":null}},"564":{"start":{"line":1384,"column":12},"end":{"line":1384,"column":null}},"565":{"start":{"line":1386,"column":8},"end":{"line":1387,"column":null}},"566":{"start":{"line":1387,"column":12},"end":{"line":1387,"column":null}},"567":{"start":{"line":1388,"column":8},"end":{"line":1388,"column":null}},"568":{"start":{"line":1390,"column":4},"end":{"line":1391,"column":null}},"569":{"start":{"line":1390,"column":14},"end":{"line":1390,"column":null}},"570":{"start":{"line":1391,"column":9},"end":{"line":1391,"column":null}},"571":{"start":{"line":1409,"column":26},"end":{"line":1412,"column":null}},"572":{"start":{"line":1409,"column":77},"end":{"line":1412,"column":6}},"573":{"start":{"line":1413,"column":4},"end":{"line":1413,"column":null}},"574":{"start":{"line":1413,"column":70},"end":{"line":1413,"column":null}},"575":{"start":{"line":1416,"column":4},"end":{"line":1416,"column":null}},"576":{"start":{"line":1417,"column":23},"end":{"line":1417,"column":null}},"577":{"start":{"line":1421,"column":29},"end":{"line":1427,"column":null}},"578":{"start":{"line":1422,"column":22},"end":{"line":1422,"column":null}},"579":{"start":{"line":1423,"column":8},"end":{"line":1426,"column":null}},"580":{"start":{"line":1428,"column":28},"end":{"line":1428,"column":null}},"581":{"start":{"line":1430,"column":4},"end":{"line":1485,"column":null}},"582":{"start":{"line":1434,"column":31},"end":{"line":1434,"column":null}},"583":{"start":{"line":1438,"column":12},"end":{"line":1447,"column":null}},"584":{"start":{"line":1439,"column":33},"end":{"line":1441,"column":null}},"585":{"start":{"line":1442,"column":16},"end":{"line":1445,"column":null}},"586":{"start":{"line":1446,"column":16},"end":{"line":1446,"column":null}},"587":{"start":{"line":1449,"column":25},"end":{"line":1449,"column":null}},"588":{"start":{"line":1455,"column":12},"end":{"line":1482,"column":null}},"589":{"start":{"line":1456,"column":35},"end":{"line":1456,"column":null}},"590":{"start":{"line":1459,"column":42},"end":{"line":1461,"column":null}},"591":{"start":{"line":1463,"column":16},"end":{"line":1479,"column":null}},"592":{"start":{"line":1466,"column":20},"end":{"line":1466,"column":null}},"593":{"start":{"line":1467,"column":47},"end":{"line":1467,"column":null}},"594":{"start":{"line":1468,"column":20},"end":{"line":1475,"column":null}},"595":{"start":{"line":1469,"column":24},"end":{"line":1469,"column":null}},"596":{"start":{"line":1472,"column":24},"end":{"line":1472,"column":null}},"597":{"start":{"line":1472,"column":49},"end":{"line":1472,"column":null}},"598":{"start":{"line":1473,"column":24},"end":{"line":1473,"column":null}},"599":{"start":{"line":1474,"column":24},"end":{"line":1474,"column":null}},"600":{"start":{"line":1477,"column":20},"end":{"line":1477,"column":null}},"601":{"start":{"line":1478,"column":20},"end":{"line":1478,"column":null}},"602":{"start":{"line":1481,"column":16},"end":{"line":1481,"column":null}},"603":{"start":{"line":1483,"column":12},"end":{"line":1483,"column":null}},"604":{"start":{"line":1499,"column":4},"end":{"line":1501,"column":null}},"605":{"start":{"line":1499,"column":17},"end":{"line":1499,"column":21}},"606":{"start":{"line":1500,"column":8},"end":{"line":1500,"column":null}},"607":{"start":{"line":1500,"column":49},"end":{"line":1500,"column":null}},"608":{"start":{"line":1502,"column":4},"end":{"line":1502,"column":null}},"609":{"start":{"line":1519,"column":4},"end":{"line":1519,"column":null}},"610":{"start":{"line":1519,"column":47},"end":{"line":1519,"column":null}},"611":{"start":{"line":1522,"column":20},"end":{"line":1524,"column":null}},"612":{"start":{"line":1525,"column":4},"end":{"line":1525,"column":null}},"613":{"start":{"line":1525,"column":33},"end":{"line":1525,"column":null}},"614":{"start":{"line":1526,"column":19},"end":{"line":1526,"column":null}},"615":{"start":{"line":1529,"column":4},"end":{"line":1529,"column":null}},"616":{"start":{"line":1529,"column":59},"end":{"line":1529,"column":null}},"617":{"start":{"line":1530,"column":24},"end":{"line":1530,"column":null}},"618":{"start":{"line":1531,"column":4},"end":{"line":1531,"column":null}},"619":{"start":{"line":1531,"column":57},"end":{"line":1531,"column":null}},"620":{"start":{"line":1532,"column":4},"end":{"line":1532,"column":null}},"621":{"start":{"line":1533,"column":4},"end":{"line":1533,"column":null}},"622":{"start":{"line":1549,"column":4},"end":{"line":1555,"column":null}},"623":{"start":{"line":1550,"column":21},"end":{"line":1550,"column":null}},"624":{"start":{"line":1551,"column":25},"end":{"line":1551,"column":null}},"625":{"start":{"line":1552,"column":8},"end":{"line":1552,"column":null}},"626":{"start":{"line":1552,"column":71},"end":{"line":1552,"column":null}},"627":{"start":{"line":1554,"column":8},"end":{"line":1554,"column":null}},"628":{"start":{"line":1556,"column":27},"end":{"line":1556,"column":null}},"629":{"start":{"line":1557,"column":21},"end":{"line":1557,"column":null}},"630":{"start":{"line":1558,"column":4},"end":{"line":1560,"column":null}},"631":{"start":{"line":1559,"column":8},"end":{"line":1559,"column":null}},"632":{"start":{"line":1562,"column":8},"end":{"line":1562,"column":null}},"633":{"start":{"line":1563,"column":4},"end":{"line":1563,"column":null}},"634":{"start":{"line":1580,"column":4},"end":{"line":1580,"column":null}},"635":{"start":{"line":1580,"column":51},"end":{"line":1580,"column":null}},"636":{"start":{"line":1581,"column":4},"end":{"line":1584,"column":null}},"637":{"start":{"line":1585,"column":4},"end":{"line":1585,"column":null}},"638":{"start":{"line":1600,"column":10},"end":{"line":1603,"column":null}},"639":{"start":{"line":1601,"column":8},"end":{"line":1603,"column":null}},"640":{"start":{"line":1605,"column":4},"end":{"line":1627,"column":null}},"641":{"start":{"line":1606,"column":25},"end":{"line":1606,"column":null}},"642":{"start":{"line":1609,"column":24},"end":{"line":1609,"column":null}},"643":{"start":{"line":1610,"column":8},"end":{"line":1619,"column":null}},"644":{"start":{"line":1617,"column":12},"end":{"line":1617,"column":null}},"645":{"start":{"line":1618,"column":12},"end":{"line":1618,"column":null}},"646":{"start":{"line":1620,"column":23},"end":{"line":1620,"column":null}},"647":{"start":{"line":1621,"column":8},"end":{"line":1621,"column":null}},"648":{"start":{"line":1621,"column":29},"end":{"line":1621,"column":null}},"649":{"start":{"line":1625,"column":8},"end":{"line":1625,"column":null}},"650":{"start":{"line":1626,"column":8},"end":{"line":1626,"column":null}},"651":{"start":{"line":1629,"column":20},"end":{"line":1629,"column":null}},"652":{"start":{"line":1630,"column":4},"end":{"line":1639,"column":null}},"653":{"start":{"line":1637,"column":8},"end":{"line":1637,"column":null}},"654":{"start":{"line":1638,"column":8},"end":{"line":1638,"column":null}},"655":{"start":{"line":1641,"column":19},"end":{"line":1641,"column":null}},"656":{"start":{"line":1642,"column":4},"end":{"line":1642,"column":null}},"657":{"start":{"line":1642,"column":25},"end":{"line":1642,"column":null}},"658":{"start":{"line":1643,"column":27},"end":{"line":1643,"column":null}},"659":{"start":{"line":1644,"column":4},"end":{"line":1644,"column":null}},"660":{"start":{"line":1645,"column":25},"end":{"line":1648,"column":null}},"661":{"start":{"line":1649,"column":4},"end":{"line":1651,"column":null}}},"fnMap":{"0":{"name":"footnoteReferenceMatches","decl":{"start":{"line":46,"column":16},"end":{"line":46,"column":41}},"loc":{"start":{"line":46,"column":75},"end":{"line":62,"column":null}},"line":46},"1":{"name":"escapedAt","decl":{"start":{"line":65,"column":9},"end":{"line":65,"column":19}},"loc":{"start":{"line":65,"column":57},"end":{"line":69,"column":null}},"line":65},"2":{"name":"idListIncludes","decl":{"start":{"line":72,"column":9},"end":{"line":72,"column":24}},"loc":{"start":{"line":72,"column":60},"end":{"line":75,"column":null}},"line":72},"3":{"name":"(anonymous_3)","decl":{"start":{"line":74,"column":15},"end":{"line":74,"column":21}},"loc":{"start":{"line":74,"column":30},"end":{"line":74,"column":58}},"line":74},"4":{"name":"isValidFootnoteName","decl":{"start":{"line":84,"column":16},"end":{"line":84,"column":36}},"loc":{"start":{"line":84,"column":59},"end":{"line":86,"column":null}},"line":84},"5":{"name":"readingViewActive","decl":{"start":{"line":90,"column":16},"end":{"line":90,"column":34}},"loc":{"start":{"line":92,"column":12},"end":{"line":94,"column":null}},"line":92},"6":{"name":"docLines","decl":{"start":{"line":99,"column":9},"end":{"line":99,"column":18}},"loc":{"start":{"line":99,"column":41},"end":{"line":105,"column":null}},"line":99},"7":{"name":"docContext","decl":{"start":{"line":126,"column":9},"end":{"line":126,"column":20}},"loc":{"start":{"line":126,"column":45},"end":{"line":153,"column":null}},"line":126},"8":{"name":"(anonymous_8)","decl":{"start":{"line":133,"column":10},"end":{"line":133,"column":24}},"loc":{"start":{"line":133,"column":46},"end":{"line":149,"column":null}},"line":133},"9":{"name":"(anonymous_9)","decl":{"start":{"line":150,"column":10},"end":{"line":150,"column":null}},"loc":{"start":{"line":151,"column":8},"end":{"line":151,"column":null}},"line":151},"10":{"name":"listExistingFootnoteDefinitions","decl":{"start":{"line":156,"column":16},"end":{"line":156,"column":null}},"loc":{"start":{"line":159,"column":2},"end":{"line":176,"column":null}},"line":159},"11":{"name":"listExistingFootnoteReferencesAndLocations","decl":{"start":{"line":179,"column":16},"end":{"line":179,"column":null}},"loc":{"start":{"line":181,"column":2},"end":{"line":201,"column":null}},"line":181},"12":{"name":"moveCursorAndSetJumpPoint","decl":{"start":{"line":203,"column":9},"end":{"line":203,"column":null}},"loc":{"start":{"line":210,"column":8},"end":{"line":248,"column":null}},"line":210},"13":{"name":"shouldJumpFromDefinitionToReference","decl":{"start":{"line":251,"column":16},"end":{"line":251,"column":null}},"loc":{"start":{"line":257,"column":2},"end":{"line":338,"column":null}},"line":257},"14":{"name":"(anonymous_14)","decl":{"start":{"line":277,"column":78},"end":{"line":277,"column":null}},"loc":{"start":{"line":279,"column":12},"end":{"line":280,"column":null}},"line":279},"15":{"name":"jumpToFootnoteDefinition","decl":{"start":{"line":341,"column":16},"end":{"line":341,"column":null}},"loc":{"start":{"line":347,"column":2},"end":{"line":382,"column":null}},"line":347},"16":{"name":"referenceAtCursor","decl":{"start":{"line":390,"column":16},"end":{"line":390,"column":null}},"loc":{"start":{"line":393,"column":17},"end":{"line":400,"column":null}},"line":393},"17":{"name":"shouldJumpFromReferenceToDefinition","decl":{"start":{"line":403,"column":16},"end":{"line":403,"column":null}},"loc":{"start":{"line":409,"column":2},"end":{"line":465,"column":null}},"line":409},"18":{"name":"(anonymous_18)","decl":{"start":{"line":417,"column":61},"end":{"line":417,"column":66}},"loc":{"start":{"line":417,"column":77},"end":{"line":420,"column":6}},"line":417},"19":{"name":"(anonymous_19)","decl":{"start":{"line":432,"column":66},"end":{"line":432,"column":71}},"loc":{"start":{"line":432,"column":81},"end":{"line":438,"column":5}},"line":432},"20":{"name":"(anonymous_20)","decl":{"start":{"line":456,"column":47},"end":{"line":456,"column":null}},"loc":{"start":{"line":457,"column":20},"end":{"line":457,"column":null}},"line":457},"21":{"name":"addFootnoteSectionHeader","decl":{"start":{"line":467,"column":16},"end":{"line":467,"column":null}},"loc":{"start":{"line":469,"column":10},"end":{"line":489,"column":null}},"line":469},"22":{"name":"buildDefinitionAppend","decl":{"start":{"line":499,"column":16},"end":{"line":499,"column":null}},"loc":{"start":{"line":505,"column":76},"end":{"line":613,"column":null}},"line":505},"23":{"name":"(anonymous_23)","decl":{"start":{"line":513,"column":10},"end":{"line":513,"column":28}},"loc":{"start":{"line":514,"column":8},"end":{"line":514,"column":null}},"line":514},"24":{"name":"(anonymous_24)","decl":{"start":{"line":539,"column":41},"end":{"line":539,"column":null}},"loc":{"start":{"line":541,"column":20},"end":{"line":541,"column":null}},"line":541},"25":{"name":"isTrailingPunctuation","decl":{"start":{"line":616,"column":9},"end":{"line":616,"column":31}},"loc":{"start":{"line":616,"column":63},"end":{"line":618,"column":null}},"line":616},"26":{"name":"endOfWordOffset","decl":{"start":{"line":629,"column":16},"end":{"line":629,"column":32}},"loc":{"start":{"line":629,"column":70},"end":{"line":665,"column":null}},"line":629},"27":{"name":"(anonymous_27)","decl":{"start":{"line":633,"column":10},"end":{"line":633,"column":22}},"loc":{"start":{"line":634,"column":8},"end":{"line":634,"column":null}},"line":634},"28":{"name":"(anonymous_28)","decl":{"start":{"line":638,"column":10},"end":{"line":638,"column":22}},"loc":{"start":{"line":638,"column":56},"end":{"line":648,"column":null}},"line":638},"29":{"name":"adjustFootnotePosition","decl":{"start":{"line":668,"column":9},"end":{"line":668,"column":null}},"loc":{"start":{"line":673,"column":2},"end":{"line":683,"column":null}},"line":673},"30":{"name":"runOutsideTableCell","decl":{"start":{"line":694,"column":16},"end":{"line":694,"column":null}},"loc":{"start":{"line":697,"column":2},"end":{"line":719,"column":null}},"line":697},"31":{"name":"(anonymous_31)","decl":{"start":{"line":712,"column":10},"end":{"line":712,"column":25}},"loc":{"start":{"line":712,"column":25},"end":{"line":716,"column":null}},"line":712},"32":{"name":"insertInTableCell","decl":{"start":{"line":725,"column":16},"end":{"line":725,"column":null}},"loc":{"start":{"line":730,"column":2},"end":{"line":740,"column":null}},"line":730},"33":{"name":"scheduleCreationLintAfterPopup","decl":{"start":{"line":747,"column":9},"end":{"line":747,"column":40}},"loc":{"start":{"line":747,"column":76},"end":{"line":754,"column":null}},"line":747},"34":{"name":"(anonymous_34)","decl":{"start":{"line":748,"column":49},"end":{"line":748,"column":62}},"loc":{"start":{"line":748,"column":62},"end":{"line":748,"column":null}},"line":748},"35":{"name":"(anonymous_35)","decl":{"start":{"line":751,"column":11},"end":{"line":751,"column":41}},"loc":{"start":{"line":751,"column":41},"end":{"line":753,"column":5}},"line":751},"36":{"name":"footnotePrefix","decl":{"start":{"line":764,"column":16},"end":{"line":764,"column":31}},"loc":{"start":{"line":764,"column":61},"end":{"line":796,"column":null}},"line":764},"37":{"name":"(anonymous_37)","decl":{"start":{"line":769,"column":9},"end":{"line":769,"column":14}},"loc":{"start":{"line":769,"column":24},"end":{"line":769,"column":71}},"line":769},"38":{"name":"footnotePrefixFromEditor","decl":{"start":{"line":805,"column":16},"end":{"line":805,"column":41}},"loc":{"start":{"line":805,"column":62},"end":{"line":816,"column":null}},"line":805},"39":{"name":"(anonymous_39)","decl":{"start":{"line":806,"column":10},"end":{"line":806,"column":21}},"loc":{"start":{"line":807,"column":8},"end":{"line":807,"column":null}},"line":807},"40":{"name":"footnotePrefixProblem","decl":{"start":{"line":827,"column":16},"end":{"line":827,"column":38}},"loc":{"start":{"line":827,"column":69},"end":{"line":836,"column":null}},"line":827},"41":{"name":"activeFootnotePrefix","decl":{"start":{"line":841,"column":9},"end":{"line":841,"column":null}},"loc":{"start":{"line":844,"column":17},"end":{"line":857,"column":null}},"line":844},"42":{"name":"computeNextFootnoteNumber","decl":{"start":{"line":864,"column":16},"end":{"line":864,"column":null}},"loc":{"start":{"line":871,"column":10},"end":{"line":901,"column":null}},"line":871},"43":{"name":"insertAutonumFootnote","decl":{"start":{"line":904,"column":22},"end":{"line":904,"column":44}},"loc":{"start":{"line":904,"column":68},"end":{"line":959,"column":null}},"line":904},"44":{"name":"(anonymous_44)","decl":{"start":{"line":937,"column":10},"end":{"line":937,"column":17}},"loc":{"start":{"line":937,"column":52},"end":{"line":956,"column":null}},"line":937},"45":{"name":"shouldCreateAutonumFootnote","decl":{"start":{"line":963,"column":16},"end":{"line":963,"column":null}},"loc":{"start":{"line":970,"column":2},"end":{"line":1046,"column":null}},"line":970},"46":{"name":"(anonymous_46)","decl":{"start":{"line":1006,"column":43},"end":{"line":1006,"column":61}},"loc":{"start":{"line":1006,"column":61},"end":{"line":1008,"column":13}},"line":1006},"47":{"name":"(anonymous_47)","decl":{"start":{"line":1032,"column":39},"end":{"line":1032,"column":57}},"loc":{"start":{"line":1032,"column":57},"end":{"line":1041,"column":9}},"line":1032},"48":{"name":"sanitizeInlineFootnoteContent","decl":{"start":{"line":1062,"column":16},"end":{"line":1062,"column":46}},"loc":{"start":{"line":1062,"column":67},"end":{"line":1090,"column":null}},"line":1062},"49":{"name":"(anonymous_49)","decl":{"start":{"line":1079,"column":28},"end":{"line":1079,"column":48}},"loc":{"start":{"line":1080,"column":12},"end":{"line":1080,"column":null}},"line":1080},"50":{"name":"insertInlineText","decl":{"start":{"line":1095,"column":9},"end":{"line":1095,"column":null}},"loc":{"start":{"line":1099,"column":2},"end":{"line":1117,"column":null}},"line":1099},"51":{"name":"(anonymous_51)","decl":{"start":{"line":1109,"column":24},"end":{"line":1109,"column":30}},"loc":{"start":{"line":1109,"column":49},"end":{"line":1116,"column":5}},"line":1109},"52":{"name":"inlineFootnoteSpanAt","decl":{"start":{"line":1125,"column":16},"end":{"line":1125,"column":null}},"loc":{"start":{"line":1128,"column":42},"end":{"line":1161,"column":null}},"line":1128},"53":{"name":"inlineFootnoteExitCh","decl":{"start":{"line":1164,"column":16},"end":{"line":1164,"column":37}},"loc":{"start":{"line":1164,"column":82},"end":{"line":1167,"column":null}},"line":1164},"54":{"name":"navigateReferenceIfInside","decl":{"start":{"line":1177,"column":16},"end":{"line":1177,"column":null}},"loc":{"start":{"line":1181,"column":11},"end":{"line":1212,"column":null}},"line":1181},"55":{"name":"(anonymous_55)","decl":{"start":{"line":1188,"column":61},"end":{"line":1188,"column":66}},"loc":{"start":{"line":1188,"column":77},"end":{"line":1191,"column":6}},"line":1188},"56":{"name":"(anonymous_56)","decl":{"start":{"line":1199,"column":66},"end":{"line":1199,"column":71}},"loc":{"start":{"line":1199,"column":82},"end":{"line":1202,"column":6}},"line":1199},"57":{"name":"insertInlineFootnote","decl":{"start":{"line":1222,"column":22},"end":{"line":1222,"column":43}},"loc":{"start":{"line":1222,"column":67},"end":{"line":1246,"column":null}},"line":1222},"58":{"name":"warnEmptyInlineFootnoteIfInside","decl":{"start":{"line":1258,"column":9},"end":{"line":1258,"column":null}},"loc":{"start":{"line":1261,"column":11},"end":{"line":1274,"column":null}},"line":1261},"59":{"name":"exitInlineFootnoteIfInside","decl":{"start":{"line":1283,"column":16},"end":{"line":1283,"column":null}},"loc":{"start":{"line":1286,"column":11},"end":{"line":1304,"column":null}},"line":1286},"60":{"name":"pasteInlineFootnote","decl":{"start":{"line":1307,"column":22},"end":{"line":1307,"column":42}},"loc":{"start":{"line":1307,"column":66},"end":{"line":1345,"column":null}},"line":1307},"61":{"name":"insertNamedFootnote","decl":{"start":{"line":1350,"column":22},"end":{"line":1350,"column":42}},"loc":{"start":{"line":1350,"column":66},"end":{"line":1392,"column":null}},"line":1350},"62":{"name":"(anonymous_62)","decl":{"start":{"line":1376,"column":10},"end":{"line":1376,"column":17}},"loc":{"start":{"line":1376,"column":52},"end":{"line":1389,"column":null}},"line":1376},"63":{"name":"shouldCreateMatchingFootnoteDefinition","decl":{"start":{"line":1395,"column":16},"end":{"line":1395,"column":null}},"loc":{"start":{"line":1401,"column":2},"end":{"line":1486,"column":null}},"line":1401},"64":{"name":"(anonymous_64)","decl":{"start":{"line":1409,"column":61},"end":{"line":1409,"column":66}},"loc":{"start":{"line":1409,"column":77},"end":{"line":1412,"column":6}},"line":1409},"65":{"name":"(anonymous_65)","decl":{"start":{"line":1421,"column":66},"end":{"line":1421,"column":71}},"loc":{"start":{"line":1421,"column":81},"end":{"line":1427,"column":5}},"line":1421},"66":{"name":"(anonymous_66)","decl":{"start":{"line":1468,"column":51},"end":{"line":1468,"column":69}},"loc":{"start":{"line":1468,"column":69},"end":{"line":1475,"column":21}},"line":1468},"67":{"name":"emptyReferenceStart","decl":{"start":{"line":1494,"column":9},"end":{"line":1494,"column":null}},"loc":{"start":{"line":1498,"column":17},"end":{"line":1503,"column":null}},"line":1498},"68":{"name":"warnPrefilledReferenceIfInside","decl":{"start":{"line":1514,"column":16},"end":{"line":1514,"column":null}},"loc":{"start":{"line":1518,"column":11},"end":{"line":1534,"column":null}},"line":1518},"69":{"name":"caretInsidePlaceholder","decl":{"start":{"line":1544,"column":9},"end":{"line":1544,"column":null}},"loc":{"start":{"line":1548,"column":11},"end":{"line":1564,"column":null}},"line":1548},"70":{"name":"warnEmptyReferenceIfInside","decl":{"start":{"line":1576,"column":9},"end":{"line":1576,"column":null}},"loc":{"start":{"line":1579,"column":11},"end":{"line":1586,"column":null}},"line":1579},"71":{"name":"shouldCreateFootnoteReference","decl":{"start":{"line":1589,"column":16},"end":{"line":1589,"column":null}},"loc":{"start":{"line":1595,"column":2},"end":{"line":1652,"column":null}},"line":1595},"72":{"name":"(anonymous_72)","decl":{"start":{"line":1600,"column":10},"end":{"line":1600,"column":null}},"loc":{"start":{"line":1601,"column":8},"end":{"line":1603,"column":null}},"line":1601}},"branchMap":{"0":{"loc":{"start":{"line":50,"column":8},"end":{"line":50,"column":null}},"type":"if","locations":[{"start":{"line":50,"column":8},"end":{"line":50,"column":null}},{"start":{},"end":{}}],"line":50},"1":{"loc":{"start":{"line":50,"column":12},"end":{"line":50,"column":58}},"type":"binary-expr","locations":[{"start":{"line":50,"column":12},"end":{"line":50,"column":27}},{"start":{"line":50,"column":27},"end":{"line":50,"column":58}}],"line":50},"2":{"loc":{"start":{"line":53,"column":8},"end":{"line":53,"column":null}},"type":"if","locations":[{"start":{"line":53,"column":8},"end":{"line":53,"column":null}},{"start":{},"end":{}}],"line":53},"3":{"loc":{"start":{"line":58,"column":8},"end":{"line":58,"column":null}},"type":"if","locations":[{"start":{"line":58,"column":8},"end":{"line":58,"column":null}},{"start":{},"end":{}}],"line":58},"4":{"loc":{"start":{"line":58,"column":12},"end":{"line":58,"column":68}},"type":"binary-expr","locations":[{"start":{"line":58,"column":12},"end":{"line":58,"column":39}},{"start":{"line":58,"column":39},"end":{"line":58,"column":68}}],"line":58},"5":{"loc":{"start":{"line":67,"column":28},"end":{"line":67,"column":56}},"type":"binary-expr","locations":[{"start":{"line":67,"column":28},"end":{"line":67,"column":38}},{"start":{"line":67,"column":38},"end":{"line":67,"column":56}}],"line":67},"6":{"loc":{"start":{"line":85,"column":11},"end":{"line":85,"column":null}},"type":"binary-expr","locations":[{"start":{"line":85,"column":11},"end":{"line":85,"column":30}},{"start":{"line":85,"column":30},"end":{"line":85,"column":null}}],"line":85},"7":{"loc":{"start":{"line":134,"column":8},"end":{"line":134,"column":null}},"type":"if","locations":[{"start":{"line":134,"column":8},"end":{"line":134,"column":null}},{"start":{},"end":{}}],"line":134},"8":{"loc":{"start":{"line":134,"column":12},"end":{"line":134,"column":40}},"type":"binary-expr","locations":[{"start":{"line":134,"column":12},"end":{"line":134,"column":21}},{"start":{"line":134,"column":21},"end":{"line":134,"column":40}}],"line":134},"9":{"loc":{"start":{"line":136,"column":8},"end":{"line":136,"column":null}},"type":"if","locations":[{"start":{"line":136,"column":8},"end":{"line":136,"column":null}},{"start":{},"end":{}}],"line":136},"10":{"loc":{"start":{"line":138,"column":8},"end":{"line":147,"column":null}},"type":"if","locations":[{"start":{"line":138,"column":8},"end":{"line":147,"column":null}},{"start":{},"end":{}}],"line":138},"11":{"loc":{"start":{"line":139,"column":21},"end":{"line":145,"column":null}},"type":"cond-expr","locations":[{"start":{"line":140,"column":18},"end":{"line":140,"column":null}},{"start":{"line":141,"column":18},"end":{"line":145,"column":null}}],"line":139},"12":{"loc":{"start":{"line":151,"column":8},"end":{"line":151,"column":null}},"type":"binary-expr","locations":[{"start":{"line":151,"column":8},"end":{"line":151,"column":17}},{"start":{"line":151,"column":17},"end":{"line":151,"column":null}}],"line":151},"13":{"loc":{"start":{"line":158,"column":4},"end":{"line":158,"column":null}},"type":"default-arg","locations":[{"start":{"line":158,"column":22},"end":{"line":158,"column":null}}],"line":158},"14":{"loc":{"start":{"line":168,"column":8},"end":{"line":173,"column":null}},"type":"if","locations":[{"start":{"line":168,"column":8},"end":{"line":173,"column":null}},{"start":{},"end":{}}],"line":168},"15":{"loc":{"start":{"line":190,"column":26},"end":{"line":190,"column":null}},"type":"binary-expr","locations":[{"start":{"line":190,"column":26},"end":{"line":190,"column":41}},{"start":{"line":190,"column":41},"end":{"line":190,"column":null}}],"line":190},"16":{"loc":{"start":{"line":209,"column":4},"end":{"line":209,"column":null}},"type":"default-arg","locations":[{"start":{"line":209,"column":13},"end":{"line":209,"column":null}}],"line":209},"17":{"loc":{"start":{"line":217,"column":4},"end":{"line":219,"column":null}},"type":"if","locations":[{"start":{"line":217,"column":4},"end":{"line":219,"column":null}},{"start":{},"end":{}}],"line":217},"18":{"loc":{"start":{"line":217,"column":8},"end":{"line":217,"column":49}},"type":"binary-expr","locations":[{"start":{"line":217,"column":8},"end":{"line":217,"column":18}},{"start":{"line":217,"column":18},"end":{"line":217,"column":49}}],"line":217},"19":{"loc":{"start":{"line":221,"column":4},"end":{"line":230,"column":null}},"type":"if","locations":[{"start":{"line":221,"column":4},"end":{"line":230,"column":null}},{"start":{"line":228,"column":11},"end":{"line":230,"column":null}}],"line":221},"20":{"loc":{"start":{"line":221,"column":8},"end":{"line":221,"column":39}},"type":"binary-expr","locations":[{"start":{"line":221,"column":8},"end":{"line":221,"column":19}},{"start":{"line":221,"column":19},"end":{"line":221,"column":39}}],"line":221},"21":{"loc":{"start":{"line":235,"column":4},"end":{"line":237,"column":null}},"type":"if","locations":[{"start":{"line":235,"column":4},"end":{"line":237,"column":null}},{"start":{},"end":{}}],"line":235},"22":{"loc":{"start":{"line":241,"column":4},"end":{"line":247,"column":null}},"type":"if","locations":[{"start":{"line":241,"column":4},"end":{"line":247,"column":null}},{"start":{},"end":{}}],"line":241},"23":{"loc":{"start":{"line":267,"column":4},"end":{"line":267,"column":null}},"type":"if","locations":[{"start":{"line":267,"column":4},"end":{"line":267,"column":null}},{"start":{},"end":{}}],"line":267},"24":{"loc":{"start":{"line":267,"column":8},"end":{"line":267,"column":74}},"type":"binary-expr","locations":[{"start":{"line":267,"column":8},"end":{"line":267,"column":48}},{"start":{"line":267,"column":48},"end":{"line":267,"column":74}}],"line":267},"25":{"loc":{"start":{"line":279,"column":12},"end":{"line":280,"column":null}},"type":"binary-expr","locations":[{"start":{"line":279,"column":12},"end":{"line":279,"column":null}},{"start":{"line":280,"column":12},"end":{"line":280,"column":null}}],"line":279},"26":{"loc":{"start":{"line":283,"column":4},"end":{"line":293,"column":null}},"type":"if","locations":[{"start":{"line":283,"column":4},"end":{"line":293,"column":null}},{"start":{"line":285,"column":11},"end":{"line":293,"column":null}}],"line":283},"27":{"loc":{"start":{"line":290,"column":8},"end":{"line":292,"column":null}},"type":"if","locations":[{"start":{"line":290,"column":8},"end":{"line":292,"column":null}},{"start":{},"end":{}}],"line":290},"28":{"loc":{"start":{"line":290,"column":12},"end":{"line":290,"column":42}},"type":"binary-expr","locations":[{"start":{"line":290,"column":12},"end":{"line":290,"column":21}},{"start":{"line":290,"column":21},"end":{"line":290,"column":42}}],"line":290},"29":{"loc":{"start":{"line":294,"column":4},"end":{"line":336,"column":null}},"type":"if","locations":[{"start":{"line":294,"column":4},"end":{"line":336,"column":null}},{"start":{},"end":{}}],"line":294},"30":{"loc":{"start":{"line":309,"column":33},"end":{"line":309,"column":null}},"type":"binary-expr","locations":[{"start":{"line":309,"column":33},"end":{"line":309,"column":46}},{"start":{"line":309,"column":46},"end":{"line":309,"column":null}}],"line":309},"31":{"loc":{"start":{"line":310,"column":16},"end":{"line":312,"column":null}},"type":"if","locations":[{"start":{"line":310,"column":16},"end":{"line":312,"column":null}},{"start":{},"end":{}}],"line":310},"32":{"loc":{"start":{"line":310,"column":20},"end":{"line":310,"column":71}},"type":"binary-expr","locations":[{"start":{"line":310,"column":20},"end":{"line":310,"column":33}},{"start":{"line":310,"column":33},"end":{"line":310,"column":71}}],"line":310},"33":{"loc":{"start":{"line":320,"column":16},"end":{"line":320,"column":null}},"type":"if","locations":[{"start":{"line":320,"column":16},"end":{"line":320,"column":null}},{"start":{},"end":{}}],"line":320},"34":{"loc":{"start":{"line":346,"column":4},"end":{"line":346,"column":null}},"type":"default-arg","locations":[{"start":{"line":346,"column":22},"end":{"line":346,"column":null}}],"line":346},"35":{"loc":{"start":{"line":359,"column":8},"end":{"line":379,"column":null}},"type":"if","locations":[{"start":{"line":359,"column":8},"end":{"line":379,"column":null}},{"start":{},"end":{}}],"line":359},"36":{"loc":{"start":{"line":360,"column":12},"end":{"line":362,"column":null}},"type":"binary-expr","locations":[{"start":{"line":360,"column":12},"end":{"line":360,"column":null}},{"start":{"line":361,"column":12},"end":{"line":362,"column":null}}],"line":360},"37":{"loc":{"start":{"line":370,"column":16},"end":{"line":372,"column":null}},"type":"binary-expr","locations":[{"start":{"line":370,"column":16},"end":{"line":370,"column":null}},{"start":{"line":371,"column":16},"end":{"line":371,"column":null}},{"start":{"line":372,"column":16},"end":{"line":372,"column":null}}],"line":370},"38":{"loc":{"start":{"line":395,"column":8},"end":{"line":397,"column":null}},"type":"if","locations":[{"start":{"line":395,"column":8},"end":{"line":397,"column":null}},{"start":{},"end":{}}],"line":395},"39":{"loc":{"start":{"line":395,"column":12},"end":{"line":395,"column":66}},"type":"binary-expr","locations":[{"start":{"line":395,"column":12},"end":{"line":395,"column":31}},{"start":{"line":395,"column":31},"end":{"line":395,"column":66}}],"line":395},"40":{"loc":{"start":{"line":419,"column":20},"end":{"line":419,"column":null}},"type":"binary-expr","locations":[{"start":{"line":419,"column":20},"end":{"line":419,"column":35}},{"start":{"line":419,"column":35},"end":{"line":419,"column":null}}],"line":419},"41":{"loc":{"start":{"line":421,"column":4},"end":{"line":421,"column":null}},"type":"if","locations":[{"start":{"line":421,"column":4},"end":{"line":421,"column":null}},{"start":{},"end":{}}],"line":421},"42":{"loc":{"start":{"line":433,"column":22},"end":{"line":433,"column":null}},"type":"binary-expr","locations":[{"start":{"line":433,"column":22},"end":{"line":433,"column":37}},{"start":{"line":433,"column":37},"end":{"line":433,"column":null}}],"line":433},"43":{"loc":{"start":{"line":441,"column":4},"end":{"line":463,"column":null}},"type":"if","locations":[{"start":{"line":441,"column":4},"end":{"line":463,"column":null}},{"start":{},"end":{}}],"line":441},"44":{"loc":{"start":{"line":449,"column":12},"end":{"line":451,"column":null}},"type":"if","locations":[{"start":{"line":449,"column":12},"end":{"line":451,"column":null}},{"start":{},"end":{}}],"line":449},"45":{"loc":{"start":{"line":453,"column":12},"end":{"line":460,"column":null}},"type":"if","locations":[{"start":{"line":453,"column":12},"end":{"line":460,"column":null}},{"start":{},"end":{}}],"line":453},"46":{"loc":{"start":{"line":477,"column":4},"end":{"line":487,"column":null}},"type":"if","locations":[{"start":{"line":477,"column":4},"end":{"line":487,"column":null}},{"start":{},"end":{}}],"line":477},"47":{"loc":{"start":{"line":478,"column":8},"end":{"line":479,"column":null}},"type":"binary-expr","locations":[{"start":{"line":478,"column":8},"end":{"line":478,"column":null}},{"start":{"line":479,"column":8},"end":{"line":479,"column":null}}],"line":478},"48":{"loc":{"start":{"line":504,"column":4},"end":{"line":504,"column":null}},"type":"default-arg","locations":[{"start":{"line":504,"column":22},"end":{"line":504,"column":null}}],"line":504},"49":{"loc":{"start":{"line":514,"column":8},"end":{"line":514,"column":null}},"type":"binary-expr","locations":[{"start":{"line":514,"column":8},"end":{"line":514,"column":41}},{"start":{"line":514,"column":41},"end":{"line":514,"column":null}}],"line":514},"50":{"loc":{"start":{"line":515,"column":4},"end":{"line":527,"column":null}},"type":"if","locations":[{"start":{"line":515,"column":4},"end":{"line":527,"column":null}},{"start":{},"end":{}}],"line":515},"51":{"loc":{"start":{"line":519,"column":8},"end":{"line":519,"column":null}},"type":"if","locations":[{"start":{"line":519,"column":8},"end":{"line":519,"column":null}},{"start":{},"end":{}}],"line":519},"52":{"loc":{"start":{"line":533,"column":4},"end":{"line":566,"column":null}},"type":"if","locations":[{"start":{"line":533,"column":4},"end":{"line":566,"column":null}},{"start":{},"end":{}}],"line":533},"53":{"loc":{"start":{"line":534,"column":8},"end":{"line":535,"column":null}},"type":"binary-expr","locations":[{"start":{"line":534,"column":8},"end":{"line":534,"column":null}},{"start":{"line":535,"column":8},"end":{"line":535,"column":null}}],"line":534},"54":{"loc":{"start":{"line":541,"column":20},"end":{"line":541,"column":null}},"type":"binary-expr","locations":[{"start":{"line":541,"column":20},"end":{"line":541,"column":43}},{"start":{"line":541,"column":43},"end":{"line":541,"column":null}}],"line":541},"55":{"loc":{"start":{"line":543,"column":12},"end":{"line":543,"column":null}},"type":"if","locations":[{"start":{"line":543,"column":12},"end":{"line":543,"column":null}},{"start":{},"end":{}}],"line":543},"56":{"loc":{"start":{"line":548,"column":12},"end":{"line":551,"column":null}},"type":"if","locations":[{"start":{"line":548,"column":12},"end":{"line":551,"column":null}},{"start":{},"end":{}}],"line":548},"57":{"loc":{"start":{"line":548,"column":16},"end":{"line":548,"column":75}},"type":"binary-expr","locations":[{"start":{"line":548,"column":16},"end":{"line":548,"column":47}},{"start":{"line":548,"column":47},"end":{"line":548,"column":75}}],"line":548},"58":{"loc":{"start":{"line":557,"column":12},"end":{"line":557,"column":null}},"type":"if","locations":[{"start":{"line":557,"column":12},"end":{"line":557,"column":null}},{"start":{},"end":{}}],"line":557},"59":{"loc":{"start":{"line":570,"column":4},"end":{"line":575,"column":null}},"type":"if","locations":[{"start":{"line":570,"column":4},"end":{"line":575,"column":null}},{"start":{},"end":{}}],"line":570},"60":{"loc":{"start":{"line":571,"column":15},"end":{"line":571,"column":67}},"type":"binary-expr","locations":[{"start":{"line":571,"column":15},"end":{"line":571,"column":31}},{"start":{"line":571,"column":31},"end":{"line":571,"column":67}}],"line":571},"61":{"loc":{"start":{"line":579,"column":4},"end":{"line":587,"column":null}},"type":"if","locations":[{"start":{"line":579,"column":4},"end":{"line":587,"column":null}},{"start":{},"end":{}}],"line":579},"62":{"loc":{"start":{"line":583,"column":8},"end":{"line":585,"column":null}},"type":"if","locations":[{"start":{"line":583,"column":8},"end":{"line":585,"column":null}},{"start":{},"end":{}}],"line":583},"63":{"loc":{"start":{"line":583,"column":12},"end":{"line":583,"column":60}},"type":"binary-expr","locations":[{"start":{"line":583,"column":12},"end":{"line":583,"column":23}},{"start":{"line":583,"column":23},"end":{"line":583,"column":60}}],"line":583},"64":{"loc":{"start":{"line":605,"column":4},"end":{"line":611,"column":null}},"type":"if","locations":[{"start":{"line":605,"column":4},"end":{"line":611,"column":null}},{"start":{},"end":{}}],"line":605},"65":{"loc":{"start":{"line":605,"column":8},"end":{"line":605,"column":66}},"type":"binary-expr","locations":[{"start":{"line":605,"column":8},"end":{"line":605,"column":27}},{"start":{"line":605,"column":27},"end":{"line":605,"column":49}},{"start":{"line":605,"column":49},"end":{"line":605,"column":66}}],"line":605},"66":{"loc":{"start":{"line":607,"column":8},"end":{"line":610,"column":null}},"type":"if","locations":[{"start":{"line":607,"column":8},"end":{"line":610,"column":null}},{"start":{},"end":{}}],"line":607},"67":{"loc":{"start":{"line":617,"column":11},"end":{"line":617,"column":null}},"type":"binary-expr","locations":[{"start":{"line":617,"column":11},"end":{"line":617,"column":18}},{"start":{"line":617,"column":18},"end":{"line":617,"column":null}}],"line":617},"68":{"loc":{"start":{"line":634,"column":8},"end":{"line":634,"column":null}},"type":"binary-expr","locations":[{"start":{"line":634,"column":8},"end":{"line":634,"column":28}},{"start":{"line":634,"column":28},"end":{"line":634,"column":null}}],"line":634},"69":{"loc":{"start":{"line":639,"column":8},"end":{"line":639,"column":null}},"type":"if","locations":[{"start":{"line":639,"column":8},"end":{"line":639,"column":null}},{"start":{},"end":{}}],"line":639},"70":{"loc":{"start":{"line":641,"column":8},"end":{"li
[...]
":392,"column":null}},"type":"if","locations":[{"start":{"line":389,"column":4},"end":{"line":392,"column":null}},{"start":{},"end":{}}],"line":389},"57":{"loc":{"start":{"line":402,"column":4},"end":{"line":407,"column":null}},"type":"if","locations":[{"start":{"line":402,"column":4},"end":{"line":407,"column":null}},{"start":{"line":404,"column":11},"end":{"line":407,"column":null}}],"line":402},"58":{"loc":{"start":{"line":420,"column":4},"end":{"line":420,"column":null}},"type":"if","locations":[{"start":{"line":420,"column":4},"end":{"line":420,"column":null}},{"start":{},"end":{}}],"line":420},"59":{"loc":{"start":{"line":420,"column":8},"end":{"line":420,"column":65}},"type":"binary-expr","locations":[{"start":{"line":420,"column":8},"end":{"line":420,"column":20}},{"start":{"line":420,"column":20},"end":{"line":420,"column":65}}],"line":420},"60":{"loc":{"start":{"line":431,"column":8},"end":{"line":433,"column":null}},"type":"if","locations":[{"start":{"line":431,"column":8},"end":{"line":433,"column":null}},{"start":{},"end":{}}],"line":431},"61":{"loc":{"start":{"line":431,"column":12},"end":{"line":431,"column":74}},"type":"binary-expr","locations":[{"start":{"line":431,"column":12},"end":{"line":431,"column":25}},{"start":{"line":431,"column":25},"end":{"line":431,"column":46}},{"start":{"line":431,"column":46},"end":{"line":431,"column":74}}],"line":431},"62":{"loc":{"start":{"line":441,"column":8},"end":{"line":443,"column":null}},"type":"if","locations":[{"start":{"line":441,"column":8},"end":{"line":443,"column":null}},{"start":{},"end":{}}],"line":441},"63":{"loc":{"start":{"line":465,"column":4},"end":{"line":465,"column":null}},"type":"if","locations":[{"start":{"line":465,"column":4},"end":{"line":465,"column":null}},{"start":{},"end":{}}],"line":465},"64":{"loc":{"start":{"line":465,"column":8},"end":{"line":465,"column":45}},"type":"binary-expr","locations":[{"start":{"line":465,"column":8},"end":{"line":465,"column":26}},{"start":{"line":465,"column":26},"end":{"line":465,"column":45}}],"line":465},"65":{"loc":{"start":{"line":489,"column":8},"end":{"line":489,"column":null}},"type":"if","locations":[{"start":{"line":489,"column":8},"end":{"line":489,"column":null}},{"start":{},"end":{}}],"line":489},"66":{"loc":{"start":{"line":490,"column":8},"end":{"line":490,"column":null}},"type":"if","locations":[{"start":{"line":490,"column":8},"end":{"line":490,"column":null}},{"start":{},"end":{}}],"line":490},"67":{"loc":{"start":{"line":518,"column":4},"end":{"line":518,"column":null}},"type":"if","locations":[{"start":{"line":518,"column":4},"end":{"line":518,"column":null}},{"start":{},"end":{}}],"line":518},"68":{"loc":{"start":{"line":521,"column":16},"end":{"line":521,"column":null}},"type":"binary-expr","locations":[{"start":{"line":521,"column":16},"end":{"line":521,"column":26}},{"start":{"line":521,"column":26},"end":{"line":521,"column":null}}],"line":521},"69":{"loc":{"start":{"line":522,"column":4},"end":{"line":522,"column":null}},"type":"if","locations":[{"start":{"line":522,"column":4},"end":{"line":522,"column":null}},{"start":{},"end":{}}],"line":522},"70":{"loc":{"start":{"line":522,"column":8},"end":{"line":522,"column":25}},"type":"binary-expr","locations":[{"start":{"line":522,"column":8},"end":{"line":522,"column":19}},{"start":{"line":522,"column":19},"end":{"line":522,"column":25}}],"line":522},"71":{"loc":{"start":{"line":526,"column":4},"end":{"line":526,"column":null}},"type":"if","locations":[{"start":{"line":526,"column":4},"end":{"line":526,"column":null}},{"start":{},"end":{}}],"line":526},"72":{"loc":{"start":{"line":529,"column":4},"end":{"line":529,"column":null}},"type":"if","locations":[{"start":{"line":529,"column":4},"end":{"line":529,"column":null}},{"start":{},"end":{}}],"line":529},"73":{"loc":{"start":{"line":529,"column":8},"end":{"line":529,"column":68}},"type":"binary-expr","locations":[{"start":{"line":529,"column":8},"end":{"line":529,"column":28}},{"start":{"line":529,"column":28},"end":{"line":529,"column":68}}],"line":529},"74":{"loc":{"start":{"line":530,"column":4},"end":{"line":530,"column":null}},"type":"if","locations":[{"start":{"line":530,"column":4},"end":{"line":530,"column":null}},{"start":{},"end":{}}],"line":530},"75":{"loc":{"start":{"line":531,"column":4},"end":{"line":531,"column":null}},"type":"if","locations":[{"start":{"line":531,"column":4},"end":{"line":531,"column":null}},{"start":{},"end":{}}],"line":531},"76":{"loc":{"start":{"line":531,"column":8},"end":{"line":531,"column":69}},"type":"binary-expr","locations":[{"start":{"line":531,"column":8},"end":{"line":531,"column":38}},{"start":{"line":531,"column":38},"end":{"line":531,"column":69}}],"line":531},"77":{"loc":{"start":{"line":534,"column":4},"end":{"line":534,"column":null}},"type":"if","locations":[{"start":{"line":534,"column":4},"end":{"line":534,"column":null}},{"start":{},"end":{}}],"line":534},"78":{"loc":{"start":{"line":539,"column":4},"end":{"line":542,"column":null}},"type":"if","locations":[{"start":{"line":539,"column":4},"end":{"line":542,"column":null}},{"start":{},"end":{}}],"line":539},"79":{"loc":{"start":{"line":546,"column":4},"end":{"line":551,"column":null}},"type":"if","locations":[{"start":{"line":546,"column":4},"end":{"line":551,"column":null}},{"start":{},"end":{}}],"line":546},"80":{"loc":{"start":{"line":548,"column":8},"end":{"line":550,"column":null}},"type":"if","locations":[{"start":{"line":548,"column":8},"end":{"line":550,"column":null}},{"start":{},"end":{}}],"line":548},"81":{"loc":{"start":{"line":568,"column":16},"end":{"line":568,"column":null}},"type":"binary-expr","locations":[{"start":{"line":568,"column":16},"end":{"line":568,"column":26}},{"start":{"line":568,"column":26},"end":{"line":568,"column":null}}],"line":568},"82":{"loc":{"start":{"line":569,"column":4},"end":{"line":569,"column":null}},"type":"if","locations":[{"start":{"line":569,"column":4},"end":{"line":569,"column":null}},{"start":{},"end":{}}],"line":569},"83":{"loc":{"start":{"line":569,"column":8},"end":{"line":569,"column":25}},"type":"binary-expr","locations":[{"start":{"line":569,"column":8},"end":{"line":569,"column":19}},{"start":{"line":569,"column":19},"end":{"line":569,"column":25}}],"line":569},"84":{"loc":{"start":{"line":571,"column":4},"end":{"line":571,"column":null}},"type":"if","locations":[{"start":{"line":571,"column":4},"end":{"line":571,"column":null}},{"start":{},"end":{}}],"line":571},"85":{"loc":{"start":{"line":581,"column":8},"end":{"line":584,"column":null}},"type":"if","locations":[{"start":{"line":581,"column":8},"end":{"line":584,"column":null}},{"start":{},"end":{}}],"line":581},"86":{"loc":{"start":{"line":586,"column":8},"end":{"line":591,"column":null}},"type":"if","locations":[{"start":{"line":586,"column":8},"end":{"line":591,"column":null}},{"start":{"line":588,"column":15},"end":{"line":591,"column":null}}],"line":586}},"s":{"0":1,"1":4,"2":4,"3":1267,"4":1267,"5":1267,"6":1267,"7":383,"8":1267,"9":653,"10":1267,"11":660,"12":1267,"13":430,"14":430,"15":430,"16":107,"17":1267,"18":1267,"19":1267,"20":376,"21":1267,"22":616,"23":1267,"24":1,"25":1,"26":1,"27":5,"28":1,"29":1,"30":1,"31":3,"32":3,"33":1,"34":4,"35":4,"36":18,"37":18,"38":20,"39":4,"40":14,"41":14,"42":14,"43":22,"44":32,"45":32,"46":23,"47":14,"48":6,"49":4,"50":2,"51":2,"52":1,"53":1,"54":1,"55":1,"56":0,"57":1,"58":0,"59":0,"60":0,"61":1,"62":0,"63":1,"64":1,"65":1,"66":0,"67":1,"68":0,"69":1,"70":1,"71":1,"72":0,"73":1,"74":1,"75":1,"76":5,"77":5,"78":4,"79":1,"80":0,"81":0,"82":0,"83":0,"84":0,"85":0,"86":0,"87":0,"88":0,"89":0,"90":0,"91":0,"92":0,"93":0,"94":0,"95":0,"96":0,"97":0,"98":0,"99":0,"100":0,"101":0,"102":0,"103":0,"104":0,"105":0,"106":0,"107":0,"108":0,"109":0,"110":0,"111":0,"112":0,"113":0,"114":0,"115":0,"116":0,"117":7,"118":0,"119":0,"120":0,"121":0,"122":0,"123":0,"124":0,"125":7,"126":1,"127":1,"128":1,"129":3,"130":1,"131":1,"132":1,"133":1,"134":3,"135":3,"136":2,"137":1,"138":0,"139":1,"140":1,"141":11,"142":9,"143":2,"144":2,"145":11,"146":0,"147":2,"148":1,"149":1,"150":0,"151":1,"152":0,"153":1,"154":0,"155":1,"156":1,"157":0,"158":1,"159":1,"160":0,"161":0,"162":1,"163":1,"164":1,"165":1,"166":1,"167":1,"168":1,"169":0,"170":0,"171":0,"172":0,"173":0,"174":0,"175":0,"176":0,"177":0,"178":0,"179":0,"180":0,"181":0,"182":0,"183":0,"184":0,"185":0,"186":0,"187":0,"188":0,"189":0},"f":{"0":1,"1":4,"2":4,"3":1267,"4":1,"5":4,"6":18,"7":20,"8":6,"9":1,"10":0,"11":0,"12":1,"13":1,"14":1,"15":5,"16":0,"17":0,"18":0,"19":0,"20":0,"21":0,"22":1,"23":11,"24":0,"25":0},"b":{"0":[0,1],"1":[4,2],"2":[4,2],"3":[1267],"4":[1267,51,616],"5":[383,884],"6":[1267,946],"7":[653,614],"8":[1267,51],"9":[660,607],"10":[1267,49],"11":[660,44],"12":[430,837],"13":[430,11],"14":[107,323],"15":[430,230,2],"16":[107,4],"17":[935,332],"18":[1267,644],"19":[564,703],"20":[1267,564],"21":[376,891],"22":[1267,623],"23":[616,651],"24":[1267,51],"25":[320,296],"26":[481,786],"27":[1,6],"28":[1,4,4],"29":[4,4,4,3,2,2],"30":[18],"31":[11,7],"32":[4,14],"33":[4,2],"34":[2,0],"35":[2,2],"36":[1,0],"37":[0,0],"38":[0,0],"39":[0,0],"40":[0,1],"41":[1,0],"42":[0,0],"43":[0,1],"44":[1,0],"45":[0,0],"46":[4,1],"47":[5,3],"48":[0,0],"49":[0,0],"50":[0,0],"51":[0,0],"52":[0,0],"53":[0,0],"54":[0,0],"55":[0,0],"56":[0,0],"57":[0,0],"58":[0,0],"59":[0,0],"60":[0,0],"61":[0,0,0],"62":[0,0],"63":[0,0],"64":[0,0],"65":[2,1],"66":[0,1],"67":[9,2],"68":[2,2],"69":[0,11],"70":[11,2],"71":[1,1],"72":[0,1],"73":[1,1],"74":[0,1],"75":[0,1],"76":[1,1],"77":[0,1],"78":[0,1],"79":[1,0],"80":[1,0],"81":[0,0],"82":[0,0],"83":[0,0],"84":[0,0],"85":[0,0],"86":[0,0]},"meta":{"lastBranch":87,"lastFunction":26,"lastStatement":190,"seen":{"f:38:9:38:34":0,"s:39:4:41:Infinity":0,"b:40:10:40:Infinity:41:10:41:Infinity":0,"f:45:9:45:Infinity":1,"s:48:4:50:Infinity":1,"f:54:16:54:Infinity":2,"s:59:4:80:Infinity":2,"b:75:12:75:Infinity:76:12:76:Infinity":1,"b:78:12:78:Infinity:79:12:79:Infinity":2,"f:107:16:107:Infinity":3,"b:109:27:109:Infinity":3,"s:113:26:113:Infinity":3,"s:114:17:114:Infinity":4,"s:126:10:128:Infinity":5,"b:127:9:127:28:127:28:127:Infinity:128:8:128:Infinity":4,"b:129:4:131:Infinity:undefined:undefined:undefined:undefined":5,"s:129:4:131:Infinity":6,"b:129:8:129:45:129:45:129:68":6,"s:130:8:130:Infinity":7,"b:132:4:134:Infinity:undefined:undefined:undefined:undefined":7,"s:132:4:134:Infinity":8,"b:132:8:132:34:132:34:132:40":8,"s:133:8:133:Infinity":9,"b:135:4:140:Infinity:undefined:undefined:undefined:undefined":9,"s:135:4:140:Infinity":10,"b:135:8:135:43:135:43:135:49":10,"s:136:8:139:Infinity":11,"b:138:12:138:38:138:38:138:Infinity":11,"b:153:4:169:Infinity:undefined:undefined:undefined:undefined":12,"s:153:4:169:Infinity":12,"s:154:31:154:Infinity":13,"s:155:8:158:Infinity":14,"b:157:12:157:40:157:40:157:Infinity":13,"b:163:8:168:Infinity:undefined:undefined:undefined:undefined":14,"s:163:8:168:Infinity":15,"b:163:12:163:42:163:42:163:77:163:77:163:84":15,"s:164:12:167:Infinity":16,"b:166:16:166:42:166:42:166:Infinity":16,"s:174:8:176:Infinity":17,"b:175:14:175:Infinity:176:14:176:Infinity":17,"b:174:8:174:35:174:35:174:Infinity":18,"s:178:8:180:Infinity":18,"b:179:14:179:Infinity:180:14:180:Infinity":19,"b:178:8:178:22:178:22:178:Infinity":20,"b:181:4:187:Infinity:undefined:undefined:undefined:undefined":21,"s:181:4:187:Infinity":19,"b:181:8:181:35:181:35:181:48":22,"s:186:8:186:Infinity":20,"b:188:4:195:Infinity:undefined:undefined:undefined:undefined":23,"s:188:4:195:Infinity":21,"b:188:8:188:27:188:27:188:33":24,"s:189:8:194:Infinity":22,"b:193:42:193:56:193:56:193:Infinity":25,"s:199:4:199:Infinity":23,"b:199:29:199:40:199:40:199:Infinity":26,"f:204:9:204:24":4,"s:205:16:205:Infinity":24,"s:206:21:206:Infinity":25,"s:207:4:207:Infinity":26,"b:207:11:207:31:207:31:207:63":27,"s:207:63:207:Infinity":27,"s:208:20:208:Infinity":28,"s:209:19:209:Infinity":29,"s:210:4:217:Infinity":30,"b:211:8:211:Infinity:212:8:212:Infinity:213:8:213:Infinity":28,"s:215:8:215:Infinity":31,"s:216:8:216:Infinity":32,"s:218:4:226:Infinity":33,"f:234:16:234:37":5,"s:235:14:235:Infinity":34,"s:236:4:244:Infinity":35,"b:237:8:237:Infinity:238:8:238:Infinity:239:8:239:Infinity:240:8:240:Infinity:243:8:243:Infinity:244:8:244:Infinity":29,"f:257:16:257:Infinity":6,"b:259:13:259:Infinity":30,"s:261:20:261:Infinity":36,"b:261:29:261:55:261:55:261:Infinity":31,"b:265:4:265:Infinity:undefined:undefined:undefined:undefined":32,"s:265:4:265:Infinity":37,"f:265:17:265:23":7,"s:265:34:265:59":38,"s:265:62:265:Infinity":39,"s:266:16:266:Infinity":40,"s:267:18:267:Infinity":41,"s:268:4:278:Infinity":42,"s:269:8:277:Infinity":43,"s:270:12:276:Infinity":44,"s:271:24:271:Infinity":45,"s:275:16:275:Infinity":46,"s:279:4:279:Infinity":47,"f:283:9:283:21":8,"b:284:4:284:Infinity:undefined:undefined:undefined:undefined":33,"s:284:4:284:Infinity":48,"s:284:47:284:Infinity":49,"s:285:19:285:Infinity":50,"s:286:4:286:Infinity":51,"b:286:62:286:71:286:71:286:Infinity":34,"b:286:11:286:21:286:21:286:62":35,"f:289:9:289:31":9,"s:290:19:290:Infinity":52,"s:291:18:291:Infinity":53,"b:292:4:292:Infinity:undefined:undefined:undefined:undefined":36,"s:292:4:292:Infinity":54,"s:292:21:292:Infinity":55,"s:293:17:293:Infinity":56,"b:293:26:293:70:293:70:293:Infinity":37,"s:294:4:299:Infinity":57,"b:296:14:296:Infinity:297:14:297:Infinity":38,"f:303:9:303:23":10,"s:304:18:304:Infinity":58,"f:304:36:304:41":11,"s:304:50:304:62":59,"s:305:4:305:Infinity":60,"b:305:30:305:46:305:46:305:Infinity":39,"f:310:9:310:34":12,"b:311:4:311:Infinity:undefined:undefined:undefined:undefined":40,"s:311:4:311:Infinity":61,"s:311:54:311:Infinity":62,"s:312:18:315:Infinity":63,"b:316:4:316:Infinity:undefined:undefined:undefined:undefined":41,"s:316:4:316:Infinity":64,"s:316:28:316:Infinity":65,"s:317:4:322:Infinity":66,"b:319:14:319:Infinity:320:14:320:Infinity":42,"f:327:9:327:35":13,"b:328:4:328:Infinity:undefined:undefined:undefined:undefined":43,"s:328:4:328:Infinity":67,"s:328:55:328:Infinity":68,"s:329:18:329:Infinity":69,"b:330:4:330:Infinity:undefined:undefined:undefined:undefined":44,"s:330:4:330:Infinity":70,"s:330:28:330:Infinity":71,"s:331:4:336:Infinity":72,"b:333:14:333:Infinity:334:14:334:Infinity":45,"f:341:9:341:26":14,"s:342:4:342:Infinity":73,"s:343:4:343:Infinity":74,"s:344:4:344:Infinity":75,"f:361:16:361:36":15,"s:362:19:362:Infinity":76,"b:363:4:363:Infinity:undefined:undefined:undefined:undefined":46,"s:363:4:363:Infinity":77,"b:363:8:363:19:363:19:363:59":47,"s:363:59:363:Infinity":78,"s:364:4:364:Infinity":79,"f:369:9:369:30":16,"s:370:19:370:Infinity":80,"s:372:16:372:Infinity":81,"b:372:16:372:26:372:26:372:Infinity":48,"b:373:4:373:Infinity:undefined:undefined:undefined:undefined":49,"s:373:4:373:Infinity":82,"b:373:8:373:19:373:19:373:25":50,"s:373:25:373:Infinity":83,"b:375:4:375:Infinity:undefined:undefined:undefined:undefined":51,"s:375:4:375:Infinity":84,"s:375:35:375:Infinity":85,"b:376:4:376:Infinity:undefined:undefined:undefined:undefined":52,"s:376:4:376:Infinity":86,"s:376:29:376:Infinity":87,"b:377:4:377:Infinity:undefined:undefined:undefined:undefined":53,"s:377:4:377:Infinity":88,"b:377:8:377:38:377:38:377:69":54,"s:377:69:377:Infinity":89,"b:381:4:386:Infinity:undefined:undefined:undefined:undefined":55,"s:381:4:386:Infinity":90,"s:382:8:384:Infinity":91,"s:385:8:385:Infinity":92,"s:387:19:387:Infinity":93,"s:388:20:388:Infinity":94,"b:389:4:392:Infinity:undefined:undefined:undefined:undefined":56,"s:389:4:392:Infinity":95,"s:390:8:390:Infinity":96,"s:391:8:391:Infinity":97,"s:393:18:396:Infinity":98,"b:402:4:407:Infinity:404:11:407:Infinity":57,"s:402:4:407:Infinity":99,"s:403:8:403:Infinity":100,"s:405:8:405:Infinity":101,"s:406:8:406:Infinity":102,"s:408:4:408:Infinity":103,"f:416:16:416:34":17,"s:417:21:418:Infinity":104,"b:420:4:420:Infinity:undefined:undefined:undefined:undefined":58,"s:420:4:420:Infinity":105,"b:420:8:420:20:420:20:420:65":59,"s:420:65:420:Infinity":106,"s:421:21:421:Infinity":107,"s:422:10:435:Infinity":108,"f:422:10:422:21":18,"s:428:24:429:Infinity":109,"b:431:8:433:Infinity:undefined:undefined:undefined:undefined":60,"s:431:8:433:Infinity":110,"b:431:12:431:25:431:25:431:46:431:46:431:74":61,"s:432:12:432:Infinity":111,"s:434:8:434:Infinity":112,"s:436:4:436:Infinity":113,"s:437:4:444:Infinity":114,"f:437:11:437:26":19,"b:441:8:443:Infinity:undefined:undefined:undefined:undefined":62,"s:441:8:443:Infinity":115,"s:442:12:442:Infinity":116,"s:452:25:452:Infinity":117,"f:463:16:463:36":20,"s:464:17:464:Infinity":118,"b:465:4:465:Infinity:undefined:undefined:undefined:undefined":63,"s:465:4:465:Infinity":119,"b:465:8:465:26:465:26:465:45":64,"s:465:45:465:Infinity":120,"s:466:16:466:Infinity":121,"s:467:4:469:Infinity":122,"f:467:26:467:37":21,"s:468:8:468:Infinity":123,"s:470:4:470:Infinity":124,"s:474:28:474:Infinity":125,"f:482:9:482:35":22,"s:483:28:483:Infinity":126,"s:484:4:484:Infinity":127,"s:484:17:484:20":128,"s:484:46:484:Infinity":129,"s:485:31:485:Infinity":130,"s:486:19:486:Infinity":131,"s:487:4:494:Infinity":132,"s:487:17:487:20":133,"s:488:22:488:Infinity":134,"b:489:8:489:Infinity:undefined:undefined:undefined:undefined":65,"s:489:8:489:Infinity":135,"s:489:20:489:Infinity":136,"b:490:8:490:Infinity:undefined:undefined:undefined:undefined":66,"s:490:8:490:Infinity":137,"s:490:28:490:Infinity":138,"s:493:8:493:Infinity":139,"s:495:4:495:Infinity":140,"f:513:16:513:Infinity":23,"b:518:4:518:Infinity:undefined:undefined:undefined:undefined":67,"s:518:4:518:Infinity":141,"s:518:49:518:Infinity":142,"s:519:19:519:Infinity":143,"s:521:16:521:Infinity":144,"b:521:16:521:26:521:26:521:Infinity":68,"b:522:4:522:Infinity:undefined:undefined:undefined:undefined":69,"s:522:4:522:Infinity":145,"b:522:8:522:19:522:19:522:25":70,"s:522:25:522:Infinity":146,"b:526:4:526:Infinity:undefined:undefined:undefined:undefined":71,"s:526:4:526:Infinity":147,"s:526:35:526:Infinity":148,"b:529:4:529:Infinity:undefined:undefined:undefined:undefined":72,"s:529:4:529:Infinity":149,"b:529:8:529:28:529:28:529:68":73,"s:529:68:529:Infinity":150,"b:530:4:530:Infinity:undefined:undefined:undefined:undefined":74,"s:530:4:530:Infinity":151,"s:530:29:530:Infinity":152,"b:531:4:531:Infinity:undefined:undefined:undefined:undefined":75,"s:531:4:531:Infinity":153,"b:531:8:531:38:531:38:531:69":76,"s:531:69:531:Infinity":154,"s:532:19:532:Infinity":155,"b:534:4:534:Infinity:undefined:undefined:undefined:undefined":77,"s:534:4:534:Infinity":156,"s:534:37:534:Infinity":157,"s:535:18:538:Infinity":158,"b:539:4:542:Infinity:undefined:undefined:undefined:undefined":78,"s:539:4:542:Infinity":159,"s:540:8:540:Infinity":160,"s:541:8:541:Infinity":161,"s:543:4:543:Infinity":162,"s:544:4:544:Infinity":163,"s:545:4:545:Infinity":164,"b:546:4:551:Infinity:undefined:undefined:undefined:undefined":79,"s:546:4:551:Infinity":165,"s:547:23:547:Infinity":166,"b:548:8:550:Infinity:undefined:undefined:undefined:undefined":80,"s:548:8:550:Infinity":167,"s:549:12:549:Infinity":168,"f:554:22:554:Infinity":24,"s:562:4:562:Infinity":169,"s:563:4:563:Infinity":170,"s:564:4:564:Infinity":171,"s:566:19:566:Infinity":172,"s:568:16:568:Infinity":173,"b:568:16:568:26:568:26:568:Infinity":81,"b:569:4:569:Infinity:undefined:undefined:undefined:undefined":82,"s:569:4:569:Infinity":174,"b:569:8:569:19:569:19:569:25":83,"s:569:25:569:Infinity":175,"b:571:4:571:Infinity:undefined:undefined:undefined:undefined":84,"s:571:4:571:Infinity":176,"s:571:35:571:Infinity":177,"s:576:4:593:Infinity":178,"f:576:24:576:35":25,"s:577:23:577:Infinity":179,"s:580:24:580:Infinity":180,"b:581:8:584:Infinity:undefined:undefined:undefined:undefined":85,"s:581:8:584:Infinity":181,"s:582:12:582:Infinity":182,"s:583:12:583:Infinity":183,"s:585:22:585:Infinity":184,"b:586:8:591:Infinity:588:15:591:Infinity":86,"s:586:8:591:Infinity":185,"s:587:12:587:Infinity":186,"s:589:12:589:Infinity":187,"s:590:12:590:Infinity":188,"s:592:8:592:Infinity":189},"fnNames":{}}}
}
